The system is: Linux - 5.4.0-122-generic - x86_64
Compiling the C compiler identification source file "CMakeCCompilerId.c" succeeded.
Compiler: /opt/fsl-imx-x11/4.1.15-2.0.0/sysroots/x86_64-pokysdk-linux/usr/bin/arm-poky-linux-gnueabi/arm-poky-linux-gnueabi-gcc -march=armv7ve;-mfpu=neon;-mfloat-abi=hard;-mcpu=cortex-a7;--sysroot=/opt/fsl-imx-x11/4.1.15-2.0.0/sysroots/cortexa7hf-neon-poky-linux-gnueabi
Build flags: ;-O2;-pipe;-g;-feliminate-unused-debug-types;-fdebug-prefix-map=/home/diskc/home/liyue/poky/fsl-arm-yocto-bsp/build-fb/tmp/work/x86_64-nativesdk-pokysdk-linux/meta-environment-imx6ulevk/1.0-r8=/usr/src/debug/meta-environment-imx6ulevk/1.0-r8;-fdebug-prefix-map=/home/diskc/home/liyue/poky/fsl-arm-yocto-bsp/build-fb/tmp/sysroots/x86_64-linux=;-fdebug-prefix-map=/home/diskc/home/liyue/poky/fsl-arm-yocto-bsp/build-fb/tmp/sysroots/x86_64-nativesdk-pokysdk-linux=;
Id flags:  

The output was:
0


Compilation of the C compiler identification source "CMakeCCompilerId.c" produced "a.out"

The C compiler identification is GNU, found in "/home/myshare/CANopen_Linux/build/CMakeFiles/3.10.2/CompilerIdC/a.out"

Compiling the CXX compiler identification source file "CMakeCXXCompilerId.cpp" succeeded.
Compiler: /opt/fsl-imx-x11/4.1.15-2.0.0/sysroots/x86_64-pokysdk-linux/usr/bin/arm-poky-linux-gnueabi/arm-poky-linux-gnueabi-g++ -march=armv7ve;-mfpu=neon;-mfloat-abi=hard;-mcpu=cortex-a7;--sysroot=/opt/fsl-imx-x11/4.1.15-2.0.0/sysroots/cortexa7hf-neon-poky-linux-gnueabi
Build flags: ;-O2;-pipe;-g;-feliminate-unused-debug-types;-fdebug-prefix-map=/home/diskc/home/liyue/poky/fsl-arm-yocto-bsp/build-fb/tmp/work/x86_64-nativesdk-pokysdk-linux/meta-environment-imx6ulevk/1.0-r8=/usr/src/debug/meta-environment-imx6ulevk/1.0-r8;-fdebug-prefix-map=/home/diskc/home/liyue/poky/fsl-arm-yocto-bsp/build-fb/tmp/sysroots/x86_64-linux=;-fdebug-prefix-map=/home/diskc/home/liyue/poky/fsl-arm-yocto-bsp/build-fb/tmp/sysroots/x86_64-nativesdk-pokysdk-linux=;
Id flags:  

The output was:
0


Compilation of the CXX compiler identification source "CMakeCXXCompilerId.cpp" produced "a.out"

The CXX compiler identification is GNU, found in "/home/myshare/CANopen_Linux/build/CMakeFiles/3.10.2/CompilerIdCXX/a.out"

Determining if the C compiler works passed with the following output:
Change Dir: /home/myshare/CANopen_Linux/build/CMakeFiles/CMakeTmp

Run Build Command:"/usr/bin/make" "cmTC_805a0/fast"
/usr/bin/make -f CMakeFiles/cmTC_805a0.dir/build.make CMakeFiles/cmTC_805a0.dir/build
make[1]: Entering directory '/home/myshare/CANopen_Linux/build/CMakeFiles/CMakeTmp'
Building C object CMakeFiles/cmTC_805a0.dir/testCCompiler.c.o
/opt/fsl-imx-x11/4.1.15-2.0.0/sysroots/x86_64-pokysdk-linux/usr/bin/arm-poky-linux-gnueabi/arm-poky-linux-gnueabi-gcc   -march=armv7ve -mfpu=neon  -mfloat-abi=hard -mcpu=cortex-a7 --sysroot=/opt/fsl-imx-x11/4.1.15-2.0.0/sysroots/cortexa7hf-neon-poky-linux-gnueabi   -O2 -pipe -g -feliminate-unused-debug-types -fdebug-prefix-map=/home/diskc/home/liyue/poky/fsl-arm-yocto-bsp/build-fb/tmp/work/x86_64-nativesdk-pokysdk-linux/meta-environment-imx6ulevk/1.0-r8=/usr/src/debug/meta-environment-imx6ulevk/1.0-r8 -fdebug-prefix-map=/home/diskc/home/liyue/poky/fsl-arm-yocto-bsp/build-fb/tmp/sysroots/x86_64-linux= -fdebug-prefix-map=/home/diskc/home/liyue/poky/fsl-arm-yocto-bsp/build-fb/tmp/sysroots/x86_64-nativesdk-pokysdk-linux=    -o CMakeFiles/cmTC_805a0.dir/testCCompiler.c.o   -c /home/myshare/CANopen_Linux/build/CMakeFiles/CMakeTmp/testCCompiler.c
Linking C executable cmTC_805a0
/usr/bin/cmake -E cmake_link_script CMakeFiles/cmTC_805a0.dir/link.txt --verbose=1
/opt/fsl-imx-x11/4.1.15-2.0.0/sysroots/x86_64-pokysdk-linux/usr/bin/arm-poky-linux-gnueabi/arm-poky-linux-gnueabi-gcc   -march=armv7ve -mfpu=neon  -mfloat-abi=hard -mcpu=cortex-a7 --sysroot=/opt/fsl-imx-x11/4.1.15-2.0.0/sysroots/cortexa7hf-neon-poky-linux-gnueabi -O2 -pipe -g -feliminate-unused-debug-types -fdebug-prefix-map=/home/diskc/home/liyue/poky/fsl-arm-yocto-bsp/build-fb/tmp/work/x86_64-nativesdk-pokysdk-linux/meta-environment-imx6ulevk/1.0-r8=/usr/src/debug/meta-environment-imx6ulevk/1.0-r8 -fdebug-prefix-map=/home/diskc/home/liyue/poky/fsl-arm-yocto-bsp/build-fb/tmp/sysroots/x86_64-linux= -fdebug-prefix-map=/home/diskc/home/liyue/poky/fsl-arm-yocto-bsp/build-fb/tmp/sysroots/x86_64-nativesdk-pokysdk-linux=   -Wl,-O1 -Wl,--hash-style=gnu -Wl,--as-needed  CMakeFiles/cmTC_805a0.dir/testCCompiler.c.o  -o cmTC_805a0 
make[1]: Leaving directory '/home/myshare/CANopen_Linux/build/CMakeFiles/CMakeTmp'


Detecting C compiler ABI info compiled with the following output:
Change Dir: /home/myshare/CANopen_Linux/build/CMakeFiles/CMakeTmp

Run Build Command:"/usr/bin/make" "cmTC_498d9/fast"
/usr/bin/make -f CMakeFiles/cmTC_498d9.dir/build.make CMakeFiles/cmTC_498d9.dir/build
make[1]: Entering directory '/home/myshare/CANopen_Linux/build/CMakeFiles/CMakeTmp'
Building C object CMakeFiles/cmTC_498d9.dir/CMakeCCompilerABI.c.o
/opt/fsl-imx-x11/4.1.15-2.0.0/sysroots/x86_64-pokysdk-linux/usr/bin/arm-poky-linux-gnueabi/arm-poky-linux-gnueabi-gcc   -march=armv7ve -mfpu=neon  -mfloat-abi=hard -mcpu=cortex-a7 --sysroot=/opt/fsl-imx-x11/4.1.15-2.0.0/sysroots/cortexa7hf-neon-poky-linux-gnueabi   -O2 -pipe -g -feliminate-unused-debug-types -fdebug-prefix-map=/home/diskc/home/liyue/poky/fsl-arm-yocto-bsp/build-fb/tmp/work/x86_64-nativesdk-pokysdk-linux/meta-environment-imx6ulevk/1.0-r8=/usr/src/debug/meta-environment-imx6ulevk/1.0-r8 -fdebug-prefix-map=/home/diskc/home/liyue/poky/fsl-arm-yocto-bsp/build-fb/tmp/sysroots/x86_64-linux= -fdebug-prefix-map=/home/diskc/home/liyue/poky/fsl-arm-yocto-bsp/build-fb/tmp/sysroots/x86_64-nativesdk-pokysdk-linux=    -o CMakeFiles/cmTC_498d9.dir/CMakeCCompilerABI.c.o   -c /usr/share/cmake-3.10/Modules/CMakeCCompilerABI.c
Linking C executable cmTC_498d9
/usr/bin/cmake -E cmake_link_script CMakeFiles/cmTC_498d9.dir/link.txt --verbose=1
/opt/fsl-imx-x11/4.1.15-2.0.0/sysroots/x86_64-pokysdk-linux/usr/bin/arm-poky-linux-gnueabi/arm-poky-linux-gnueabi-gcc   -march=armv7ve -mfpu=neon  -mfloat-abi=hard -mcpu=cortex-a7 --sysroot=/opt/fsl-imx-x11/4.1.15-2.0.0/sysroots/cortexa7hf-neon-poky-linux-gnueabi -O2 -pipe -g -feliminate-unused-debug-types -fdebug-prefix-map=/home/diskc/home/liyue/poky/fsl-arm-yocto-bsp/build-fb/tmp/work/x86_64-nativesdk-pokysdk-linux/meta-environment-imx6ulevk/1.0-r8=/usr/src/debug/meta-environment-imx6ulevk/1.0-r8 -fdebug-prefix-map=/home/diskc/home/liyue/poky/fsl-arm-yocto-bsp/build-fb/tmp/sysroots/x86_64-linux= -fdebug-prefix-map=/home/diskc/home/liyue/poky/fsl-arm-yocto-bsp/build-fb/tmp/sysroots/x86_64-nativesdk-pokysdk-linux=   -Wl,-O1 -Wl,--hash-style=gnu -Wl,--as-needed -v CMakeFiles/cmTC_498d9.dir/CMakeCCompilerABI.c.o  -o cmTC_498d9 
Using built-in specs.
COLLECT_GCC=/opt/fsl-imx-x11/4.1.15-2.0.0/sysroots/x86_64-pokysdk-linux/usr/bin/arm-poky-linux-gnueabi/arm-poky-linux-gnueabi-gcc
COLLECT_LTO_WRAPPER=/opt/fsl-imx-x11/4.1.15-2.0.0/sysroots/x86_64-pokysdk-linux/usr/libexec/arm-poky-linux-gnueabi/gcc/arm-poky-linux-gnueabi/5.3.0/lto-wrapper
Target: arm-poky-linux-gnueabi
Configured with: ../../../../../../work-shared/gcc-5.3.0-r0/gcc-5.3.0/configure --build=x86_64-linux --host=x86_64-pokysdk-linux --target=arm-poky-linux-gnueabi --prefix=/opt/fsl-imx-x11/4.1.15-2.0.0/sysroots/x86_64-pokysdk-linux/usr --exec_prefix=/opt/fsl-imx-x11/4.1.15-2.0.0/sysroots/x86_64-pokysdk-linux/usr --bindir=/opt/fsl-imx-x11/4.1.15-2.0.0/sysroots/x86_64-pokysdk-linux/usr/bin/arm-poky-linux-gnueabi --sbindir=/opt/fsl-imx-x11/4.1.15-2.0.0/sysroots/x86_64-pokysdk-linux/usr/bin/arm-poky-linux-gnueabi --libexecdir=/opt/fsl-imx-x11/4.1.15-2.0.0/sysroots/x86_64-pokysdk-linux/usr/libexec/arm-poky-linux-gnueabi --datadir=/opt/fsl-imx-x11/4.1.15-2.0.0/sysroots/x86_64-pokysdk-linux/usr/share --sysconfdir=/opt/fsl-imx-x11/4.1.15-2.0.0/sysroots/x86_64-pokysdk-linux/etc --sharedstatedir=/opt/fsl-imx-x11/4.1.15-2.0.0/sysroots/x86_64-pokysdk-linux/com --localstatedir=/opt/fsl-imx-x11/4.1.15-2.0.0/sysroots/x86_64-pokysdk-linux/var --libdir=/opt/fsl-imx-x11/4.1.15-2.0.0/sysroots/x86_64-pokysdk-linux/usr/lib/arm-poky-linux-gnueabi --includedir=/opt/fsl-imx-x11/4.1.15-2.0.0/sysroots/x86_64-pokysdk-linux/usr/include --oldincludedir=/opt/fsl-imx-x11/4.1.15-2.0.0/sysroots/x86_64-pokysdk-linux/usr/include --infodir=/opt/fsl-imx-x11/4.1.15-2.0.0/sysroots/x86_64-pokysdk-linux/usr/share/info --mandir=/opt/fsl-imx-x11/4.1.15-2.0.0/sysroots/x86_64-pokysdk-linux/usr/share/man --disable-silent-rules --disable-dependency-tracking --with-libtool-sysroot=/home/diskc/home/liyue/poky/fsl-arm-yocto-bsp/build-fb/tmp/sysroots/x86_64-nativesdk-pokysdk-linux --with-gnu-ld --enable-shared --enable-languages=c,c++ --enable-threads=posix --enable-multilib --enable-c99 --enable-long-long --enable-symvers=gnu --enable-libstdcxx-pch --program-prefix=arm-poky-linux-gnueabi- --without-local-prefix --enable-lto --enable-libssp --enable-libitm --disable-bootstrap --disable-libmudflap --with-system-zlib --with-linker-hash-style=gnu --enable-linker-build-id --with-ppl=no --with-cloog=no --enable-checking=release --enable-cheaders=c_global --without-isl --with-gxx-include-dir=/not/exist/usr/include/c++/5.3.0 --with-build-time-tools=/home/diskc/home/liyue/poky/fsl-arm-yocto-bsp/build-fb/tmp/sysroots/x86_64-linux/usr/arm-poky-linux-gnueabi/bin --with-sysroot=/not/exist --with-build-sysroot=/home/diskc/home/liyue/poky/fsl-arm-yocto-bsp/build-fb/tmp/sysroots/imx6ulevk --enable-poison-system-directories --with-mpfr=/home/diskc/home/liyue/poky/fsl-arm-yocto-bsp/build-fb/tmp/sysroots/x86_64-nativesdk-pokysdk-linux --with-mpc=/home/diskc/home/liyue/poky/fsl-arm-yocto-bsp/build-fb/tmp/sysroots/x86_64-nativesdk-pokysdk-linux --enable-nls --with-arch=armv7-a
Thread model: posix
gcc version 5.3.0 (GCC) 
COMPILER_PATH=/opt/fsl-imx-x11/4.1.15-2.0.0/sysroots/x86_64-pokysdk-linux/usr/libexec/arm-poky-linux-gnueabi/gcc/arm-poky-linux-gnueabi/5.3.0/:/opt/fsl-imx-x11/4.1.15-2.0.0/sysroots/x86_64-pokysdk-linux/usr/libexec/arm-poky-linux-gnueabi/gcc/arm-poky-linux-gnueabi/5.3.0/:/opt/fsl-imx-x11/4.1.15-2.0.0/sysroots/x86_64-pokysdk-linux/usr/libexec/arm-poky-linux-gnueabi/gcc/arm-poky-linux-gnueabi/:/opt/fsl-imx-x11/4.1.15-2.0.0/sysroots/x86_64-pokysdk-linux/usr/lib/arm-poky-linux-gnueabi/gcc/arm-poky-linux-gnueabi/5.3.0/:/opt/fsl-imx-x11/4.1.15-2.0.0/sysroots/x86_64-pokysdk-linux/usr/lib/arm-poky-linux-gnueabi/gcc/arm-poky-linux-gnueabi/
LIBRARY_PATH=/opt/fsl-imx-x11/4.1.15-2.0.0/sysroots/x86_64-pokysdk-linux/usr/lib/arm-poky-linux-gnueabi/gcc/arm-poky-linux-gnueabi/5.3.0/:/opt/fsl-imx-x11/4.1.15-2.0.0/sysroots/cortexa7hf-neon-poky-linux-gnueabi/lib/:/opt/fsl-imx-x11/4.1.15-2.0.0/sysroots/cortexa7hf-neon-poky-linux-gnueabi/usr/lib/arm-poky-linux-gnueabi/5.3.0/:/opt/fsl-imx-x11/4.1.15-2.0.0/sysroots/cortexa7hf-neon-poky-linux-gnueabi/usr/lib/
COLLECT_GCC_OPTIONS='--sysroot=/opt/fsl-imx-x11/4.1.15-2.0.0/sysroots/cortexa7hf-neon-poky-linux-gnueabi' '-march=armv7ve' '-mfpu=neon' '-mfloat-abi=hard' '-mcpu=cortex-a7' '-O2' '-pipe' '-g' '-feliminate-unused-debug-types' '-fdebug-prefix-map=/home/diskc/home/liyue/poky/fsl-arm-yocto-bsp/build-fb/tmp/work/x86_64-nativesdk-pokysdk-linux/meta-environment-imx6ulevk/1.0-r8=/usr/src/debug/meta-environment-imx6ulevk/1.0-r8' '-fdebug-prefix-map=/home/diskc/home/liyue/poky/fsl-arm-yocto-bsp/build-fb/tmp/sysroots/x86_64-linux=' '-fdebug-prefix-map=/home/diskc/home/liyue/poky/fsl-arm-yocto-bsp/build-fb/tmp/sysroots/x86_64-nativesdk-pokysdk-linux=' '-v' '-o' 'cmTC_498d9' '-mtls-dialect=gnu'
 /opt/fsl-imx-x11/4.1.15-2.0.0/sysroots/x86_64-pokysdk-linux/usr/libexec/arm-poky-linux-gnueabi/gcc/arm-poky-linux-gnueabi/5.3.0/collect2 -plugin /opt/fsl-imx-x11/4.1.15-2.0.0/sysroots/x86_64-pokysdk-linux/usr/libexec/arm-poky-linux-gnueabi/gcc/arm-poky-linux-gnueabi/5.3.0/liblto_plugin.so -plugin-opt=/opt/fsl-imx-x11/4.1.15-2.0.0/sysroots/x86_64-pokysdk-linux/usr/libexec/arm-poky-linux-gnueabi/gcc/arm-poky-linux-gnueabi/5.3.0/lto-wrapper -plugin-opt=-fresolution=/tmp/cc60omBQ.res -plugin-opt=-pass-through=-lgcc -plugin-opt=-pass-through=-lgcc_s -plugin-opt=-pass-through=-lc -plugin-opt=-pass-through=-lgcc -plugin-opt=-pass-through=-lgcc_s --sysroot=/opt/fsl-imx-x11/4.1.15-2.0.0/sysroots/cortexa7hf-neon-poky-linux-gnueabi --build-id --eh-frame-hdr --hash-style=gnu -dynamic-linker /lib/ld-linux-armhf.so.3 -X -m armelf_linux_eabi -o cmTC_498d9 /opt/fsl-imx-x11/4.1.15-2.0.0/sysroots/cortexa7hf-neon-poky-linux-gnueabi/usr/lib/crt1.o /opt/fsl-imx-x11/4.1.15-2.0.0/sysroots/cortexa7hf-neon-poky-linux-gnueabi/usr/lib/crti.o /opt/fsl-imx-x11/4.1.15-2.0.0/sysroots/cortexa7hf-neon-poky-linux-gnueabi/usr/lib/arm-poky-linux-gnueabi/5.3.0/crtbegin.o -L/opt/fsl-imx-x11/4.1.15-2.0.0/sysroots/x86_64-pokysdk-linux/usr/lib/arm-poky-linux-gnueabi/gcc/arm-poky-linux-gnueabi/5.3.0 -L/opt/fsl-imx-x11/4.1.15-2.0.0/sysroots/cortexa7hf-neon-poky-linux-gnueabi/lib -L/opt/fsl-imx-x11/4.1.15-2.0.0/sysroots/cortexa7hf-neon-poky-linux-gnueabi/usr/lib/arm-poky-linux-gnueabi/5.3.0 -L/opt/fsl-imx-x11/4.1.15-2.0.0/sysroots/cortexa7hf-neon-poky-linux-gnueabi/usr/lib -O1 --hash-style=gnu --as-needed CMakeFiles/cmTC_498d9.dir/CMakeCCompilerABI.c.o -lgcc --as-needed -lgcc_s --no-as-needed -lc -lgcc --as-needed -lgcc_s --no-as-needed /opt/fsl-imx-x11/4.1.15-2.0.0/sysroots/cortexa7hf-neon-poky-linux-gnueabi/usr/lib/arm-poky-linux-gnueabi/5.3.0/crtend.o /opt/fsl-imx-x11/4.1.15-2.0.0/sysroots/cortexa7hf-neon-poky-linux-gnueabi/usr/lib/crtn.o
make[1]: Leaving directory '/home/myshare/CANopen_Linux/build/CMakeFiles/CMakeTmp'


Parsed C implicit link information from above output:
  link line regex: [^( *|.*[/\])(ld|CMAKE_LINK_STARTFILE-NOTFOUND|([^/\]+-)?ld|collect2)[^/\]*( |$)]
  ignore line: [Change Dir: /home/myshare/CANopen_Linux/build/CMakeFiles/CMakeTmp]
  ignore line: []
  ignore line: [Run Build Command:"/usr/bin/make" "cmTC_498d9/fast"]
  ignore line: [/usr/bin/make -f CMakeFiles/cmTC_498d9.dir/build.make CMakeFiles/cmTC_498d9.dir/build]
  ignore line: [make[1]: Entering directory '/home/myshare/CANopen_Linux/build/CMakeFiles/CMakeTmp']
  ignore line: [Building C object CMakeFiles/cmTC_498d9.dir/CMakeCCompilerABI.c.o]
  ignore line: [/opt/fsl-imx-x11/4.1.15-2.0.0/sysroots/x86_64-pokysdk-linux/usr/bin/arm-poky-linux-gnueabi/arm-poky-linux-gnueabi-gcc   -march=armv7ve -mfpu=neon  -mfloat-abi=hard -mcpu=cortex-a7 --sysroot=/opt/fsl-imx-x11/4.1.15-2.0.0/sysroots/cortexa7hf-neon-poky-linux-gnueabi   -O2 -pipe -g -feliminate-unused-debug-types -fdebug-prefix-map=/home/diskc/home/liyue/poky/fsl-arm-yocto-bsp/build-fb/tmp/work/x86_64-nativesdk-pokysdk-linux/meta-environment-imx6ulevk/1.0-r8=/usr/src/debug/meta-environment-imx6ulevk/1.0-r8 -fdebug-prefix-map=/home/diskc/home/liyue/poky/fsl-arm-yocto-bsp/build-fb/tmp/sysroots/x86_64-linux= -fdebug-prefix-map=/home/diskc/home/liyue/poky/fsl-arm-yocto-bsp/build-fb/tmp/sysroots/x86_64-nativesdk-pokysdk-linux=    -o CMakeFiles/cmTC_498d9.dir/CMakeCCompilerABI.c.o   -c /usr/share/cmake-3.10/Modules/CMakeCCompilerABI.c]
  ignore line: [Linking C executable cmTC_498d9]
  ignore line: [/usr/bin/cmake -E cmake_link_script CMakeFiles/cmTC_498d9.dir/link.txt --verbose=1]
  ignore line: [/opt/fsl-imx-x11/4.1.15-2.0.0/sysroots/x86_64-pokysdk-linux/usr/bin/arm-poky-linux-gnueabi/arm-poky-linux-gnueabi-gcc   -march=armv7ve -mfpu=neon  -mfloat-abi=hard -mcpu=cortex-a7 --sysroot=/opt/fsl-imx-x11/4.1.15-2.0.0/sysroots/cortexa7hf-neon-poky-linux-gnueabi -O2 -pipe -g -feliminate-unused-debug-types -fdebug-prefix-map=/home/diskc/home/liyue/poky/fsl-arm-yocto-bsp/build-fb/tmp/work/x86_64-nativesdk-pokysdk-linux/meta-environment-imx6ulevk/1.0-r8=/usr/src/debug/meta-environment-imx6ulevk/1.0-r8 -fdebug-prefix-map=/home/diskc/home/liyue/poky/fsl-arm-yocto-bsp/build-fb/tmp/sysroots/x86_64-linux= -fdebug-prefix-map=/home/diskc/home/liyue/poky/fsl-arm-yocto-bsp/build-fb/tmp/sysroots/x86_64-nativesdk-pokysdk-linux=   -Wl,-O1 -Wl,--hash-style=gnu -Wl,--as-needed -v CMakeFiles/cmTC_498d9.dir/CMakeCCompilerABI.c.o  -o cmTC_498d9 ]
  ignore line: [Using built-in specs.]
  ignore line: [COLLECT_GCC=/opt/fsl-imx-x11/4.1.15-2.0.0/sysroots/x86_64-pokysdk-linux/usr/bin/arm-poky-linux-gnueabi/arm-poky-linux-gnueabi-gcc]
  ignore line: [COLLECT_LTO_WRAPPER=/opt/fsl-imx-x11/4.1.15-2.0.0/sysroots/x86_64-pokysdk-linux/usr/libexec/arm-poky-linux-gnueabi/gcc/arm-poky-linux-gnueabi/5.3.0/lto-wrapper]
  ignore line: [Target: arm-poky-linux-gnueabi]
  ignore line: [Configured with: ../../../../../../work-shared/gcc-5.3.0-r0/gcc-5.3.0/configure --build=x86_64-linux --host=x86_64-pokysdk-linux --target=arm-poky-linux-gnueabi --prefix=/opt/fsl-imx-x11/4.1.15-2.0.0/sysroots/x86_64-pokysdk-linux/usr --exec_prefix=/opt/fsl-imx-x11/4.1.15-2.0.0/sysroots/x86_64-pokysdk-linux/usr --bindir=/opt/fsl-imx-x11/4.1.15-2.0.0/sysroots/x86_64-pokysdk-linux/usr/bin/arm-poky-linux-gnueabi --sbindir=/opt/fsl-imx-x11/4.1.15-2.0.0/sysroots/x86_64-pokysdk-linux/usr/bin/arm-poky-linux-gnueabi --libexecdir=/opt/fsl-imx-x11/4.1.15-2.0.0/sysroots/x86_64-pokysdk-linux/usr/libexec/arm-poky-linux-gnueabi --datadir=/opt/fsl-imx-x11/4.1.15-2.0.0/sysroots/x86_64-pokysdk-linux/usr/share --sysconfdir=/opt/fsl-imx-x11/4.1.15-2.0.0/sysroots/x86_64-pokysdk-linux/etc --sharedstatedir=/opt/fsl-imx-x11/4.1.15-2.0.0/sysroots/x86_64-pokysdk-linux/com --localstatedir=/opt/fsl-imx-x11/4.1.15-2.0.0/sysroots/x86_64-pokysdk-linux/var --libdir=/opt/fsl-imx-x11/4.1.15-2.0.0/sysroots/x86_64-pokysdk-linux/usr/lib/arm-poky-linux-gnueabi --includedir=/opt/fsl-imx-x11/4.1.15-2.0.0/sysroots/x86_64-pokysdk-linux/usr/include --oldincludedir=/opt/fsl-imx-x11/4.1.15-2.0.0/sysroots/x86_64-pokysdk-linux/usr/include --infodir=/opt/fsl-imx-x11/4.1.15-2.0.0/sysroots/x86_64-pokysdk-linux/usr/share/info --mandir=/opt/fsl-imx-x11/4.1.15-2.0.0/sysroots/x86_64-pokysdk-linux/usr/share/man --disable-silent-rules --disable-dependency-tracking --with-libtool-sysroot=/home/diskc/home/liyue/poky/fsl-arm-yocto-bsp/build-fb/tmp/sysroots/x86_64-nativesdk-pokysdk-linux --with-gnu-ld --enable-shared --enable-languages=c,c++ --enable-threads=posix --enable-multilib --enable-c99 --enable-long-long --enable-symvers=gnu --enable-libstdcxx-pch --program-prefix=arm-poky-linux-gnueabi- --without-local-prefix --enable-lto --enable-libssp --enable-libitm --disable-bootstrap --disable-libmudflap --with-system-zlib --with-linker-hash-style=gnu --enable-linker-build-id --with-ppl=no --with-cloog=no --enable-checking=release --enable-cheaders=c_global --without-isl --with-gxx-include-dir=/not/exist/usr/include/c++/5.3.0 --with-build-time-tools=/home/diskc/home/liyue/poky/fsl-arm-yocto-bsp/build-fb/tmp/sysroots/x86_64-linux/usr/arm-poky-linux-gnueabi/bin --with-sysroot=/not/exist --with-build-sysroot=/home/diskc/home/liyue/poky/fsl-arm-yocto-bsp/build-fb/tmp/sysroots/imx6ulevk --enable-poison-system-directories --with-mpfr=/home/diskc/home/liyue/poky/fsl-arm-yocto-bsp/build-fb/tmp/sysroots/x86_64-nativesdk-pokysdk-linux --with-mpc=/home/diskc/home/liyue/poky/fsl-arm-yocto-bsp/build-fb/tmp/sysroots/x86_64-nativesdk-pokysdk-linux --enable-nls --with-arch=armv7-a]
  ignore line: [Thread model: posix]
  ignore line: [gcc version 5.3.0 (GCC) ]
  ignore line: [COMPILER_PATH=/opt/fsl-imx-x11/4.1.15-2.0.0/sysroots/x86_64-pokysdk-linux/usr/libexec/arm-poky-linux-gnueabi/gcc/arm-poky-linux-gnueabi/5.3.0/:/opt/fsl-imx-x11/4.1.15-2.0.0/sysroots/x86_64-pokysdk-linux/usr/libexec/arm-poky-linux-gnueabi/gcc/arm-poky-linux-gnueabi/5.3.0/:/opt/fsl-imx-x11/4.1.15-2.0.0/sysroots/x86_64-pokysdk-linux/usr/libexec/arm-poky-linux-gnueabi/gcc/arm-poky-linux-gnueabi/:/opt/fsl-imx-x11/4.1.15-2.0.0/sysroots/x86_64-pokysdk-linux/usr/lib/arm-poky-linux-gnueabi/gcc/arm-poky-linux-gnueabi/5.3.0/:/opt/fsl-imx-x11/4.1.15-2.0.0/sysroots/x86_64-pokysdk-linux/usr/lib/arm-poky-linux-gnueabi/gcc/arm-poky-linux-gnueabi/]
  ignore line: [LIBRARY_PATH=/opt/fsl-imx-x11/4.1.15-2.0.0/sysroots/x86_64-pokysdk-linux/usr/lib/arm-poky-linux-gnueabi/gcc/arm-poky-linux-gnueabi/5.3.0/:/opt/fsl-imx-x11/4.1.15-2.0.0/sysroots/cortexa7hf-neon-poky-linux-gnueabi/lib/:/opt/fsl-imx-x11/4.1.15-2.0.0/sysroots/cortexa7hf-neon-poky-linux-gnueabi/usr/lib/arm-poky-linux-gnueabi/5.3.0/:/opt/fsl-imx-x11/4.1.15-2.0.0/sysroots/cortexa7hf-neon-poky-linux-gnueabi/usr/lib/]
  ignore line: [COLLECT_GCC_OPTIONS='--sysroot=/opt/fsl-imx-x11/4.1.15-2.0.0/sysroots/cortexa7hf-neon-poky-linux-gnueabi' '-march=armv7ve' '-mfpu=neon' '-mfloat-abi=hard' '-mcpu=cortex-a7' '-O2' '-pipe' '-g' '-feliminate-unused-debug-types' '-fdebug-prefix-map=/home/diskc/home/liyue/poky/fsl-arm-yocto-bsp/build-fb/tmp/work/x86_64-nativesdk-pokysdk-linux/meta-environment-imx6ulevk/1.0-r8=/usr/src/debug/meta-environment-imx6ulevk/1.0-r8' '-fdebug-prefix-map=/home/diskc/home/liyue/poky/fsl-arm-yocto-bsp/build-fb/tmp/sysroots/x86_64-linux=' '-fdebug-prefix-map=/home/diskc/home/liyue/poky/fsl-arm-yocto-bsp/build-fb/tmp/sysroots/x86_64-nativesdk-pokysdk-linux=' '-v' '-o' 'cmTC_498d9' '-mtls-dialect=gnu']
  link line: [ /opt/fsl-imx-x11/4.1.15-2.0.0/sysroots/x86_64-pokysdk-linux/usr/libexec/arm-poky-linux-gnueabi/gcc/arm-poky-linux-gnueabi/5.3.0/collect2 -plugin /opt/fsl-imx-x11/4.1.15-2.0.0/sysroots/x86_64-pokysdk-linux/usr/libexec/arm-poky-linux-gnueabi/gcc/arm-poky-linux-gnueabi/5.3.0/liblto_plugin.so -plugin-opt=/opt/fsl-imx-x11/4.1.15-2.0.0/sysroots/x86_64-pokysdk-linux/usr/libexec/arm-poky-linux-gnueabi/gcc/arm-poky-linux-gnueabi/5.3.0/lto-wrapper -plugin-opt=-fresolution=/tmp/cc60omBQ.res -plugin-opt=-pass-through=-lgcc -plugin-opt=-pass-through=-lgcc_s -plugin-opt=-pass-through=-lc -plugin-opt=-pass-through=-lgcc -plugin-opt=-pass-through=-lgcc_s --sysroot=/opt/fsl-imx-x11/4.1.15-2.0.0/sysroots/cortexa7hf-neon-poky-linux-gnueabi --build-id --eh-frame-hdr --hash-style=gnu -dynamic-linker /lib/ld-linux-armhf.so.3 -X -m armelf_linux_eabi -o cmTC_498d9 /opt/fsl-imx-x11/4.1.15-2.0.0/sysroots/cortexa7hf-neon-poky-linux-gnueabi/usr/lib/crt1.o /opt/fsl-imx-x11/4.1.15-2.0.0/sysroots/cortexa7hf-neon-poky-linux-gnueabi/usr/lib/crti.o /opt/fsl-imx-x11/4.1.15-2.0.0/sysroots/cortexa7hf-neon-poky-linux-gnueabi/usr/lib/arm-poky-linux-gnueabi/5.3.0/crtbegin.o -L/opt/fsl-imx-x11/4.1.15-2.0.0/sysroots/x86_64-pokysdk-linux/usr/lib/arm-poky-linux-gnueabi/gcc/arm-poky-linux-gnueabi/5.3.0 -L/opt/fsl-imx-x11/4.1.15-2.0.0/sysroots/cortexa7hf-neon-poky-linux-gnueabi/lib -L/opt/fsl-imx-x11/4.1.15-2.0.0/sysroots/cortexa7hf-neon-poky-linux-gnueabi/usr/lib/arm-poky-linux-gnueabi/5.3.0 -L/opt/fsl-imx-x11/4.1.15-2.0.0/sysroots/cortexa7hf-neon-poky-linux-gnueabi/usr/lib -O1 --hash-style=gnu --as-needed CMakeFiles/cmTC_498d9.dir/CMakeCCompilerABI.c.o -lgcc --as-needed -lgcc_s --no-as-needed -lc -lgcc --as-needed -lgcc_s --no-as-needed /opt/fsl-imx-x11/4.1.15-2.0.0/sysroots/cortexa7hf-neon-poky-linux-gnueabi/usr/lib/arm-poky-linux-gnueabi/5.3.0/crtend.o /opt/fsl-imx-x11/4.1.15-2.0.0/sysroots/cortexa7hf-neon-poky-linux-gnueabi/usr/lib/crtn.o]
    arg [/opt/fsl-imx-x11/4.1.15-2.0.0/sysroots/x86_64-pokysdk-linux/usr/libexec/arm-poky-linux-gnueabi/gcc/arm-poky-linux-gnueabi/5.3.0/collect2] ==> ignore
    arg [-plugin] ==> ignore
    arg [/opt/fsl-imx-x11/4.1.15-2.0.0/sysroots/x86_64-pokysdk-linux/usr/libexec/arm-poky-linux-gnueabi/gcc/arm-poky-linux-gnueabi/5.3.0/liblto_plugin.so] ==> ignore
    arg [-plugin-opt=/opt/fsl-imx-x11/4.1.15-2.0.0/sysroots/x86_64-pokysdk-linux/usr/libexec/arm-poky-linux-gnueabi/gcc/arm-poky-linux-gnueabi/5.3.0/lto-wrapper] ==> ignore
    arg [-plugin-opt=-fresolution=/tmp/cc60omBQ.res] ==> ignore
    arg [-plugin-opt=-pass-through=-lgcc] ==> ignore
    arg [-plugin-opt=-pass-through=-lgcc_s] ==> ignore
    arg [-plugin-opt=-pass-through=-lc] ==> ignore
    arg [-plugin-opt=-pass-through=-lgcc] ==> ignore
    arg [-plugin-opt=-pass-through=-lgcc_s] ==> ignore
    arg [--sysroot=/opt/fsl-imx-x11/4.1.15-2.0.0/sysroots/cortexa7hf-neon-poky-linux-gnueabi] ==> ignore
    arg [--build-id] ==> ignore
    arg [--eh-frame-hdr] ==> ignore
    arg [--hash-style=gnu] ==> ignore
    arg [-dynamic-linker] ==> ignore
    arg [/lib/ld-linux-armhf.so.3] ==> ignore
    arg [-X] ==> ignore
    arg [-m] ==> ignore
    arg [armelf_linux_eabi] ==> ignore
    arg [-o] ==> ignore
    arg [cmTC_498d9] ==> ignore
    arg [/opt/fsl-imx-x11/4.1.15-2.0.0/sysroots/cortexa7hf-neon-poky-linux-gnueabi/usr/lib/crt1.o] ==> ignore
    arg [/opt/fsl-imx-x11/4.1.15-2.0.0/sysroots/cortexa7hf-neon-poky-linux-gnueabi/usr/lib/crti.o] ==> ignore
    arg [/opt/fsl-imx-x11/4.1.15-2.0.0/sysroots/cortexa7hf-neon-poky-linux-gnueabi/usr/lib/arm-poky-linux-gnueabi/5.3.0/crtbegin.o] ==> ignore
    arg [-L/opt/fsl-imx-x11/4.1.15-2.0.0/sysroots/x86_64-pokysdk-linux/usr/lib/arm-poky-linux-gnueabi/gcc/arm-poky-linux-gnueabi/5.3.0] ==> dir [/opt/fsl-imx-x11/4.1.15-2.0.0/sysroots/x86_64-pokysdk-linux/usr/lib/arm-poky-linux-gnueabi/gcc/arm-poky-linux-gnueabi/5.3.0]
    arg [-L/opt/fsl-imx-x11/4.1.15-2.0.0/sysroots/cortexa7hf-neon-poky-linux-gnueabi/lib] ==> dir [/opt/fsl-imx-x11/4.1.15-2.0.0/sysroots/cortexa7hf-neon-poky-linux-gnueabi/lib]
    arg [-L/opt/fsl-imx-x11/4.1.15-2.0.0/sysroots/cortexa7hf-neon-poky-linux-gnueabi/usr/lib/arm-poky-linux-gnueabi/5.3.0] ==> dir [/opt/fsl-imx-x11/4.1.15-2.0.0/sysroots/cortexa7hf-neon-poky-linux-gnueabi/usr/lib/arm-poky-linux-gnueabi/5.3.0]
    arg [-L/opt/fsl-imx-x11/4.1.15-2.0.0/sysroots/cortexa7hf-neon-poky-linux-gnueabi/usr/lib] ==> dir [/opt/fsl-imx-x11/4.1.15-2.0.0/sysroots/cortexa7hf-neon-poky-linux-gnueabi/usr/lib]
    arg [-O1] ==> ignore
    arg [--hash-style=gnu] ==> ignore
    arg [--as-needed] ==> ignore
    arg [CMakeFiles/cmTC_498d9.dir/CMakeCCompilerABI.c.o] ==> ignore
    arg [-lgcc] ==> lib [gcc]
    arg [--as-needed] ==> ignore
    arg [-lgcc_s] ==> lib [gcc_s]
    arg [--no-as-needed] ==> ignore
    arg [-lc] ==> lib [c]
    arg [-lgcc] ==> lib [gcc]
    arg [--as-needed] ==> ignore
    arg [-lgcc_s] ==> lib [gcc_s]
    arg [--no-as-needed] ==> ignore
    arg [/opt/fsl-imx-x11/4.1.15-2.0.0/sysroots/cortexa7hf-neon-poky-linux-gnueabi/usr/lib/arm-poky-linux-gnueabi/5.3.0/crtend.o] ==> ignore
    arg [/opt/fsl-imx-x11/4.1.15-2.0.0/sysroots/cortexa7hf-neon-poky-linux-gnueabi/usr/lib/crtn.o] ==> ignore
  collapse library dir [/opt/fsl-imx-x11/4.1.15-2.0.0/sysroots/x86_64-pokysdk-linux/usr/lib/arm-poky-linux-gnueabi/gcc/arm-poky-linux-gnueabi/5.3.0] ==> [/opt/fsl-imx-x11/4.1.15-2.0.0/sysroots/x86_64-pokysdk-linux/usr/lib/arm-poky-linux-gnueabi/gcc/arm-poky-linux-gnueabi/5.3.0]
  collapse library dir [/opt/fsl-imx-x11/4.1.15-2.0.0/sysroots/cortexa7hf-neon-poky-linux-gnueabi/lib] ==> [/opt/fsl-imx-x11/4.1.15-2.0.0/sysroots/cortexa7hf-neon-poky-linux-gnueabi/lib]
  collapse library dir [/opt/fsl-imx-x11/4.1.15-2.0.0/sysroots/cortexa7hf-neon-poky-linux-gnueabi/usr/lib/arm-poky-linux-gnueabi/5.3.0] ==> [/opt/fsl-imx-x11/4.1.15-2.0.0/sysroots/cortexa7hf-neon-poky-linux-gnueabi/usr/lib/arm-poky-linux-gnueabi/5.3.0]
  collapse library dir [/opt/fsl-imx-x11/4.1.15-2.0.0/sysroots/cortexa7hf-neon-poky-linux-gnueabi/usr/lib] ==> [/opt/fsl-imx-x11/4.1.15-2.0.0/sysroots/cortexa7hf-neon-poky-linux-gnueabi/usr/lib]
  implicit libs: [gcc;gcc_s;c;gcc;gcc_s]
  implicit dirs: [/opt/fsl-imx-x11/4.1.15-2.0.0/sysroots/x86_64-pokysdk-linux/usr/lib/arm-poky-linux-gnueabi/gcc/arm-poky-linux-gnueabi/5.3.0;/opt/fsl-imx-x11/4.1.15-2.0.0/sysroots/cortexa7hf-neon-poky-linux-gnueabi/lib;/opt/fsl-imx-x11/4.1.15-2.0.0/sysroots/cortexa7hf-neon-poky-linux-gnueabi/usr/lib/arm-poky-linux-gnueabi/5.3.0;/opt/fsl-imx-x11/4.1.15-2.0.0/sysroots/cortexa7hf-neon-poky-linux-gnueabi/usr/lib]
  implicit fwks: []




Detecting C [-std=c11] compiler features compiled with the following output:
Change Dir: /home/myshare/CANopen_Linux/build/CMakeFiles/CMakeTmp

Run Build Command:"/usr/bin/make" "cmTC_67985/fast"
/usr/bin/make -f CMakeFiles/cmTC_67985.dir/build.make CMakeFiles/cmTC_67985.dir/build
make[1]: Entering directory '/home/myshare/CANopen_Linux/build/CMakeFiles/CMakeTmp'
Building C object CMakeFiles/cmTC_67985.dir/feature_tests.c.o
/opt/fsl-imx-x11/4.1.15-2.0.0/sysroots/x86_64-pokysdk-linux/usr/bin/arm-poky-linux-gnueabi/arm-poky-linux-gnueabi-gcc   -march=armv7ve -mfpu=neon  -mfloat-abi=hard -mcpu=cortex-a7 --sysroot=/opt/fsl-imx-x11/4.1.15-2.0.0/sysroots/cortexa7hf-neon-poky-linux-gnueabi   -O2 -pipe -g -feliminate-unused-debug-types -fdebug-prefix-map=/home/diskc/home/liyue/poky/fsl-arm-yocto-bsp/build-fb/tmp/work/x86_64-nativesdk-pokysdk-linux/meta-environment-imx6ulevk/1.0-r8=/usr/src/debug/meta-environment-imx6ulevk/1.0-r8 -fdebug-prefix-map=/home/diskc/home/liyue/poky/fsl-arm-yocto-bsp/build-fb/tmp/sysroots/x86_64-linux= -fdebug-prefix-map=/home/diskc/home/liyue/poky/fsl-arm-yocto-bsp/build-fb/tmp/sysroots/x86_64-nativesdk-pokysdk-linux=    -std=c11 -o CMakeFiles/cmTC_67985.dir/feature_tests.c.o   -c /home/myshare/CANopen_Linux/build/CMakeFiles/feature_tests.c
Linking C executable cmTC_67985
/usr/bin/cmake -E cmake_link_script CMakeFiles/cmTC_67985.dir/link.txt --verbose=1
/opt/fsl-imx-x11/4.1.15-2.0.0/sysroots/x86_64-pokysdk-linux/usr/bin/arm-poky-linux-gnueabi/arm-poky-linux-gnueabi-gcc   -march=armv7ve -mfpu=neon  -mfloat-abi=hard -mcpu=cortex-a7 --sysroot=/opt/fsl-imx-x11/4.1.15-2.0.0/sysroots/cortexa7hf-neon-poky-linux-gnueabi -O2 -pipe -g -feliminate-unused-debug-types -fdebug-prefix-map=/home/diskc/home/liyue/poky/fsl-arm-yocto-bsp/build-fb/tmp/work/x86_64-nativesdk-pokysdk-linux/meta-environment-imx6ulevk/1.0-r8=/usr/src/debug/meta-environment-imx6ulevk/1.0-r8 -fdebug-prefix-map=/home/diskc/home/liyue/poky/fsl-arm-yocto-bsp/build-fb/tmp/sysroots/x86_64-linux= -fdebug-prefix-map=/home/diskc/home/liyue/poky/fsl-arm-yocto-bsp/build-fb/tmp/sysroots/x86_64-nativesdk-pokysdk-linux=   -Wl,-O1 -Wl,--hash-style=gnu -Wl,--as-needed  CMakeFiles/cmTC_67985.dir/feature_tests.c.o  -o cmTC_67985 
make[1]: Leaving directory '/home/myshare/CANopen_Linux/build/CMakeFiles/CMakeTmp'


    Feature record: C_FEATURE:1c_function_prototypes
    Feature record: C_FEATURE:1c_restrict
    Feature record: C_FEATURE:1c_static_assert
    Feature record: C_FEATURE:1c_variadic_macros


Detecting C [-std=c99] compiler features compiled with the following output:
Change Dir: /home/myshare/CANopen_Linux/build/CMakeFiles/CMakeTmp

Run Build Command:"/usr/bin/make" "cmTC_407ef/fast"
/usr/bin/make -f CMakeFiles/cmTC_407ef.dir/build.make CMakeFiles/cmTC_407ef.dir/build
make[1]: Entering directory '/home/myshare/CANopen_Linux/build/CMakeFiles/CMakeTmp'
Building C object CMakeFiles/cmTC_407ef.dir/feature_tests.c.o
/opt/fsl-imx-x11/4.1.15-2.0.0/sysroots/x86_64-pokysdk-linux/usr/bin/arm-poky-linux-gnueabi/arm-poky-linux-gnueabi-gcc   -march=armv7ve -mfpu=neon  -mfloat-abi=hard -mcpu=cortex-a7 --sysroot=/opt/fsl-imx-x11/4.1.15-2.0.0/sysroots/cortexa7hf-neon-poky-linux-gnueabi   -O2 -pipe -g -feliminate-unused-debug-types -fdebug-prefix-map=/home/diskc/home/liyue/poky/fsl-arm-yocto-bsp/build-fb/tmp/work/x86_64-nativesdk-pokysdk-linux/meta-environment-imx6ulevk/1.0-r8=/usr/src/debug/meta-environment-imx6ulevk/1.0-r8 -fdebug-prefix-map=/home/diskc/home/liyue/poky/fsl-arm-yocto-bsp/build-fb/tmp/sysroots/x86_64-linux= -fdebug-prefix-map=/home/diskc/home/liyue/poky/fsl-arm-yocto-bsp/build-fb/tmp/sysroots/x86_64-nativesdk-pokysdk-linux=    -std=c99 -o CMakeFiles/cmTC_407ef.dir/feature_tests.c.o   -c /home/myshare/CANopen_Linux/build/CMakeFiles/feature_tests.c
Linking C executable cmTC_407ef
/usr/bin/cmake -E cmake_link_script CMakeFiles/cmTC_407ef.dir/link.txt --verbose=1
/opt/fsl-imx-x11/4.1.15-2.0.0/sysroots/x86_64-pokysdk-linux/usr/bin/arm-poky-linux-gnueabi/arm-poky-linux-gnueabi-gcc   -march=armv7ve -mfpu=neon  -mfloat-abi=hard -mcpu=cortex-a7 --sysroot=/opt/fsl-imx-x11/4.1.15-2.0.0/sysroots/cortexa7hf-neon-poky-linux-gnueabi -O2 -pipe -g -feliminate-unused-debug-types -fdebug-prefix-map=/home/diskc/home/liyue/poky/fsl-arm-yocto-bsp/build-fb/tmp/work/x86_64-nativesdk-pokysdk-linux/meta-environment-imx6ulevk/1.0-r8=/usr/src/debug/meta-environment-imx6ulevk/1.0-r8 -fdebug-prefix-map=/home/diskc/home/liyue/poky/fsl-arm-yocto-bsp/build-fb/tmp/sysroots/x86_64-linux= -fdebug-prefix-map=/home/diskc/home/liyue/poky/fsl-arm-yocto-bsp/build-fb/tmp/sysroots/x86_64-nativesdk-pokysdk-linux=   -Wl,-O1 -Wl,--hash-style=gnu -Wl,--as-needed  CMakeFiles/cmTC_407ef.dir/feature_tests.c.o  -o cmTC_407ef 
make[1]: Leaving directory '/home/myshare/CANopen_Linux/build/CMakeFiles/CMakeTmp'


    Feature record: C_FEATURE:1c_function_prototypes
    Feature record: C_FEATURE:1c_restrict
    Feature record: C_FEATURE:0c_static_assert
    Feature record: C_FEATURE:1c_variadic_macros


Detecting C [-std=c90] compiler features compiled with the following output:
Change Dir: /home/myshare/CANopen_Linux/build/CMakeFiles/CMakeTmp

Run Build Command:"/usr/bin/make" "cmTC_bbda8/fast"
/usr/bin/make -f CMakeFiles/cmTC_bbda8.dir/build.make CMakeFiles/cmTC_bbda8.dir/build
make[1]: Entering directory '/home/myshare/CANopen_Linux/build/CMakeFiles/CMakeTmp'
Building C object CMakeFiles/cmTC_bbda8.dir/feature_tests.c.o
/opt/fsl-imx-x11/4.1.15-2.0.0/sysroots/x86_64-pokysdk-linux/usr/bin/arm-poky-linux-gnueabi/arm-poky-linux-gnueabi-gcc   -march=armv7ve -mfpu=neon  -mfloat-abi=hard -mcpu=cortex-a7 --sysroot=/opt/fsl-imx-x11/4.1.15-2.0.0/sysroots/cortexa7hf-neon-poky-linux-gnueabi   -O2 -pipe -g -feliminate-unused-debug-types -fdebug-prefix-map=/home/diskc/home/liyue/poky/fsl-arm-yocto-bsp/build-fb/tmp/work/x86_64-nativesdk-pokysdk-linux/meta-environment-imx6ulevk/1.0-r8=/usr/src/debug/meta-environment-imx6ulevk/1.0-r8 -fdebug-prefix-map=/home/diskc/home/liyue/poky/fsl-arm-yocto-bsp/build-fb/tmp/sysroots/x86_64-linux= -fdebug-prefix-map=/home/diskc/home/liyue/poky/fsl-arm-yocto-bsp/build-fb/tmp/sysroots/x86_64-nativesdk-pokysdk-linux=    -std=c90 -o CMakeFiles/cmTC_bbda8.dir/feature_tests.c.o   -c /home/myshare/CANopen_Linux/build/CMakeFiles/feature_tests.c
Linking C executable cmTC_bbda8
/usr/bin/cmake -E cmake_link_script CMakeFiles/cmTC_bbda8.dir/link.txt --verbose=1
/opt/fsl-imx-x11/4.1.15-2.0.0/sysroots/x86_64-pokysdk-linux/usr/bin/arm-poky-linux-gnueabi/arm-poky-linux-gnueabi-gcc   -march=armv7ve -mfpu=neon  -mfloat-abi=hard -mcpu=cortex-a7 --sysroot=/opt/fsl-imx-x11/4.1.15-2.0.0/sysroots/cortexa7hf-neon-poky-linux-gnueabi -O2 -pipe -g -feliminate-unused-debug-types -fdebug-prefix-map=/home/diskc/home/liyue/poky/fsl-arm-yocto-bsp/build-fb/tmp/work/x86_64-nativesdk-pokysdk-linux/meta-environment-imx6ulevk/1.0-r8=/usr/src/debug/meta-environment-imx6ulevk/1.0-r8 -fdebug-prefix-map=/home/diskc/home/liyue/poky/fsl-arm-yocto-bsp/build-fb/tmp/sysroots/x86_64-linux= -fdebug-prefix-map=/home/diskc/home/liyue/poky/fsl-arm-yocto-bsp/build-fb/tmp/sysroots/x86_64-nativesdk-pokysdk-linux=   -Wl,-O1 -Wl,--hash-style=gnu -Wl,--as-needed  CMakeFiles/cmTC_bbda8.dir/feature_tests.c.o  -o cmTC_bbda8 
make[1]: Leaving directory '/home/myshare/CANopen_Linux/build/CMakeFiles/CMakeTmp'


    Feature record: C_FEATURE:1c_function_prototypes
    Feature record: C_FEATURE:0c_restrict
    Feature record: C_FEATURE:0c_static_assert
    Feature record: C_FEATURE:0c_variadic_macros
Determining if the CXX compiler works passed with the following output:
Change Dir: /home/myshare/CANopen_Linux/build/CMakeFiles/CMakeTmp

Run Build Command:"/usr/bin/make" "cmTC_0931b/fast"
/usr/bin/make -f CMakeFiles/cmTC_0931b.dir/build.make CMakeFiles/cmTC_0931b.dir/build
make[1]: Entering directory '/home/myshare/CANopen_Linux/build/CMakeFiles/CMakeTmp'
Building CXX object CMakeFiles/cmTC_0931b.dir/testCXXCompiler.cxx.o
/opt/fsl-imx-x11/4.1.15-2.0.0/sysroots/x86_64-pokysdk-linux/usr/bin/arm-poky-linux-gnueabi/arm-poky-linux-gnueabi-g++   -march=armv7ve -mfpu=neon  -mfloat-abi=hard -mcpu=cortex-a7 --sysroot=/opt/fsl-imx-x11/4.1.15-2.0.0/sysroots/cortexa7hf-neon-poky-linux-gnueabi    -O2 -pipe -g -feliminate-unused-debug-types -fdebug-prefix-map=/home/diskc/home/liyue/poky/fsl-arm-yocto-bsp/build-fb/tmp/work/x86_64-nativesdk-pokysdk-linux/meta-environment-imx6ulevk/1.0-r8=/usr/src/debug/meta-environment-imx6ulevk/1.0-r8 -fdebug-prefix-map=/home/diskc/home/liyue/poky/fsl-arm-yocto-bsp/build-fb/tmp/sysroots/x86_64-linux= -fdebug-prefix-map=/home/diskc/home/liyue/poky/fsl-arm-yocto-bsp/build-fb/tmp/sysroots/x86_64-nativesdk-pokysdk-linux=    -o CMakeFiles/cmTC_0931b.dir/testCXXCompiler.cxx.o -c /home/myshare/CANopen_Linux/build/CMakeFiles/CMakeTmp/testCXXCompiler.cxx
Linking CXX executable cmTC_0931b
/usr/bin/cmake -E cmake_link_script CMakeFiles/cmTC_0931b.dir/link.txt --verbose=1
/opt/fsl-imx-x11/4.1.15-2.0.0/sysroots/x86_64-pokysdk-linux/usr/bin/arm-poky-linux-gnueabi/arm-poky-linux-gnueabi-g++   -march=armv7ve -mfpu=neon  -mfloat-abi=hard -mcpu=cortex-a7 --sysroot=/opt/fsl-imx-x11/4.1.15-2.0.0/sysroots/cortexa7hf-neon-poky-linux-gnueabi  -O2 -pipe -g -feliminate-unused-debug-types -fdebug-prefix-map=/home/diskc/home/liyue/poky/fsl-arm-yocto-bsp/build-fb/tmp/work/x86_64-nativesdk-pokysdk-linux/meta-environment-imx6ulevk/1.0-r8=/usr/src/debug/meta-environment-imx6ulevk/1.0-r8 -fdebug-prefix-map=/home/diskc/home/liyue/poky/fsl-arm-yocto-bsp/build-fb/tmp/sysroots/x86_64-linux= -fdebug-prefix-map=/home/diskc/home/liyue/poky/fsl-arm-yocto-bsp/build-fb/tmp/sysroots/x86_64-nativesdk-pokysdk-linux=   -Wl,-O1 -Wl,--hash-style=gnu -Wl,--as-needed  CMakeFiles/cmTC_0931b.dir/testCXXCompiler.cxx.o  -o cmTC_0931b 
make[1]: Leaving directory '/home/myshare/CANopen_Linux/build/CMakeFiles/CMakeTmp'


Detecting CXX compiler ABI info compiled with the following output:
Change Dir: /home/myshare/CANopen_Linux/build/CMakeFiles/CMakeTmp

Run Build Command:"/usr/bin/make" "cmTC_411f8/fast"
/usr/bin/make -f CMakeFiles/cmTC_411f8.dir/build.make CMakeFiles/cmTC_411f8.dir/build
make[1]: Entering directory '/home/myshare/CANopen_Linux/build/CMakeFiles/CMakeTmp'
Building CXX object CMakeFiles/cmTC_411f8.dir/CMakeCXXCompilerABI.cpp.o
/opt/fsl-imx-x11/4.1.15-2.0.0/sysroots/x86_64-pokysdk-linux/usr/bin/arm-poky-linux-gnueabi/arm-poky-linux-gnueabi-g++   -march=armv7ve -mfpu=neon  -mfloat-abi=hard -mcpu=cortex-a7 --sysroot=/opt/fsl-imx-x11/4.1.15-2.0.0/sysroots/cortexa7hf-neon-poky-linux-gnueabi    -O2 -pipe -g -feliminate-unused-debug-types -fdebug-prefix-map=/home/diskc/home/liyue/poky/fsl-arm-yocto-bsp/build-fb/tmp/work/x86_64-nativesdk-pokysdk-linux/meta-environment-imx6ulevk/1.0-r8=/usr/src/debug/meta-environment-imx6ulevk/1.0-r8 -fdebug-prefix-map=/home/diskc/home/liyue/poky/fsl-arm-yocto-bsp/build-fb/tmp/sysroots/x86_64-linux= -fdebug-prefix-map=/home/diskc/home/liyue/poky/fsl-arm-yocto-bsp/build-fb/tmp/sysroots/x86_64-nativesdk-pokysdk-linux=    -o CMakeFiles/cmTC_411f8.dir/CMakeCXXCompilerABI.cpp.o -c /usr/share/cmake-3.10/Modules/CMakeCXXCompilerABI.cpp
Linking CXX executable cmTC_411f8
/usr/bin/cmake -E cmake_link_script CMakeFiles/cmTC_411f8.dir/link.txt --verbose=1
/opt/fsl-imx-x11/4.1.15-2.0.0/sysroots/x86_64-pokysdk-linux/usr/bin/arm-poky-linux-gnueabi/arm-poky-linux-gnueabi-g++   -march=armv7ve -mfpu=neon  -mfloat-abi=hard -mcpu=cortex-a7 --sysroot=/opt/fsl-imx-x11/4.1.15-2.0.0/sysroots/cortexa7hf-neon-poky-linux-gnueabi  -O2 -pipe -g -feliminate-unused-debug-types -fdebug-prefix-map=/home/diskc/home/liyue/poky/fsl-arm-yocto-bsp/build-fb/tmp/work/x86_64-nativesdk-pokysdk-linux/meta-environment-imx6ulevk/1.0-r8=/usr/src/debug/meta-environment-imx6ulevk/1.0-r8 -fdebug-prefix-map=/home/diskc/home/liyue/poky/fsl-arm-yocto-bsp/build-fb/tmp/sysroots/x86_64-linux= -fdebug-prefix-map=/home/diskc/home/liyue/poky/fsl-arm-yocto-bsp/build-fb/tmp/sysroots/x86_64-nativesdk-pokysdk-linux=   -Wl,-O1 -Wl,--hash-style=gnu -Wl,--as-needed -v CMakeFiles/cmTC_411f8.dir/CMakeCXXCompilerABI.cpp.o  -o cmTC_411f8 
Using built-in specs.
COLLECT_GCC=/opt/fsl-imx-x11/4.1.15-2.0.0/sysroots/x86_64-pokysdk-linux/usr/bin/arm-poky-linux-gnueabi/arm-poky-linux-gnueabi-g++
COLLECT_LTO_WRAPPER=/opt/fsl-imx-x11/4.1.15-2.0.0/sysroots/x86_64-pokysdk-linux/usr/libexec/arm-poky-linux-gnueabi/gcc/arm-poky-linux-gnueabi/5.3.0/lto-wrapper
Target: arm-poky-linux-gnueabi
Configured with: ../../../../../../work-shared/gcc-5.3.0-r0/gcc-5.3.0/configure --build=x86_64-linux --host=x86_64-pokysdk-linux --target=arm-poky-linux-gnueabi --prefix=/opt/fsl-imx-x11/4.1.15-2.0.0/sysroots/x86_64-pokysdk-linux/usr --exec_prefix=/opt/fsl-imx-x11/4.1.15-2.0.0/sysroots/x86_64-pokysdk-linux/usr --bindir=/opt/fsl-imx-x11/4.1.15-2.0.0/sysroots/x86_64-pokysdk-linux/usr/bin/arm-poky-linux-gnueabi --sbindir=/opt/fsl-imx-x11/4.1.15-2.0.0/sysroots/x86_64-pokysdk-linux/usr/bin/arm-poky-linux-gnueabi --libexecdir=/opt/fsl-imx-x11/4.1.15-2.0.0/sysroots/x86_64-pokysdk-linux/usr/libexec/arm-poky-linux-gnueabi --datadir=/opt/fsl-imx-x11/4.1.15-2.0.0/sysroots/x86_64-pokysdk-linux/usr/share --sysconfdir=/opt/fsl-imx-x11/4.1.15-2.0.0/sysroots/x86_64-pokysdk-linux/etc --sharedstatedir=/opt/fsl-imx-x11/4.1.15-2.0.0/sysroots/x86_64-pokysdk-linux/com --localstatedir=/opt/fsl-imx-x11/4.1.15-2.0.0/sysroots/x86_64-pokysdk-linux/var --libdir=/opt/fsl-imx-x11/4.1.15-2.0.0/sysroots/x86_64-pokysdk-linux/usr/lib/arm-poky-linux-gnueabi --includedir=/opt/fsl-imx-x11/4.1.15-2.0.0/sysroots/x86_64-pokysdk-linux/usr/include --oldincludedir=/opt/fsl-imx-x11/4.1.15-2.0.0/sysroots/x86_64-pokysdk-linux/usr/include --infodir=/opt/fsl-imx-x11/4.1.15-2.0.0/sysroots/x86_64-pokysdk-linux/usr/share/info --mandir=/opt/fsl-imx-x11/4.1.15-2.0.0/sysroots/x86_64-pokysdk-linux/usr/share/man --disable-silent-rules --disable-dependency-tracking --with-libtool-sysroot=/home/diskc/home/liyue/poky/fsl-arm-yocto-bsp/build-fb/tmp/sysroots/x86_64-nativesdk-pokysdk-linux --with-gnu-ld --enable-shared --enable-languages=c,c++ --enable-threads=posix --enable-multilib --enable-c99 --enable-long-long --enable-symvers=gnu --enable-libstdcxx-pch --program-prefix=arm-poky-linux-gnueabi- --without-local-prefix --enable-lto --enable-libssp --enable-libitm --disable-bootstrap --disable-libmudflap --with-system-zlib --with-linker-hash-style=gnu --enable-linker-build-id --with-ppl=no --with-cloog=no --enable-checking=release --enable-cheaders=c_global --without-isl --with-gxx-include-dir=/not/exist/usr/include/c++/5.3.0 --with-build-time-tools=/home/diskc/home/liyue/poky/fsl-arm-yocto-bsp/build-fb/tmp/sysroots/x86_64-linux/usr/arm-poky-linux-gnueabi/bin --with-sysroot=/not/exist --with-build-sysroot=/home/diskc/home/liyue/poky/fsl-arm-yocto-bsp/build-fb/tmp/sysroots/imx6ulevk --enable-poison-system-directories --with-mpfr=/home/diskc/home/liyue/poky/fsl-arm-yocto-bsp/build-fb/tmp/sysroots/x86_64-nativesdk-pokysdk-linux --with-mpc=/home/diskc/home/liyue/poky/fsl-arm-yocto-bsp/build-fb/tmp/sysroots/x86_64-nativesdk-pokysdk-linux --enable-nls --with-arch=armv7-a
Thread model: posix
gcc version 5.3.0 (GCC) 
COMPILER_PATH=/opt/fsl-imx-x11/4.1.15-2.0.0/sysroots/x86_64-pokysdk-linux/usr/libexec/arm-poky-linux-gnueabi/gcc/arm-poky-linux-gnueabi/5.3.0/:/opt/fsl-imx-x11/4.1.15-2.0.0/sysroots/x86_64-pokysdk-linux/usr/libexec/arm-poky-linux-gnueabi/gcc/arm-poky-linux-gnueabi/5.3.0/:/opt/fsl-imx-x11/4.1.15-2.0.0/sysroots/x86_64-pokysdk-linux/usr/libexec/arm-poky-linux-gnueabi/gcc/arm-poky-linux-gnueabi/:/opt/fsl-imx-x11/4.1.15-2.0.0/sysroots/x86_64-pokysdk-linux/usr/lib/arm-poky-linux-gnueabi/gcc/arm-poky-linux-gnueabi/5.3.0/:/opt/fsl-imx-x11/4.1.15-2.0.0/sysroots/x86_64-pokysdk-linux/usr/lib/arm-poky-linux-gnueabi/gcc/arm-poky-linux-gnueabi/
LIBRARY_PATH=/opt/fsl-imx-x11/4.1.15-2.0.0/sysroots/x86_64-pokysdk-linux/usr/lib/arm-poky-linux-gnueabi/gcc/arm-poky-linux-gnueabi/5.3.0/:/opt/fsl-imx-x11/4.1.15-2.0.0/sysroots/cortexa7hf-neon-poky-linux-gnueabi/lib/:/opt/fsl-imx-x11/4.1.15-2.0.0/sysroots/cortexa7hf-neon-poky-linux-gnueabi/usr/lib/arm-poky-linux-gnueabi/5.3.0/:/opt/fsl-imx-x11/4.1.15-2.0.0/sysroots/cortexa7hf-neon-poky-linux-gnueabi/usr/lib/
COLLECT_GCC_OPTIONS='--sysroot=/opt/fsl-imx-x11/4.1.15-2.0.0/sysroots/cortexa7hf-neon-poky-linux-gnueabi' '-march=armv7ve' '-mfpu=neon' '-mfloat-abi=hard' '-mcpu=cortex-a7' '-O2' '-pipe' '-g' '-feliminate-unused-debug-types' '-fdebug-prefix-map=/home/diskc/home/liyue/poky/fsl-arm-yocto-bsp/build-fb/tmp/work/x86_64-nativesdk-pokysdk-linux/meta-environment-imx6ulevk/1.0-r8=/usr/src/debug/meta-environment-imx6ulevk/1.0-r8' '-fdebug-prefix-map=/home/diskc/home/liyue/poky/fsl-arm-yocto-bsp/build-fb/tmp/sysroots/x86_64-linux=' '-fdebug-prefix-map=/home/diskc/home/liyue/poky/fsl-arm-yocto-bsp/build-fb/tmp/sysroots/x86_64-nativesdk-pokysdk-linux=' '-v' '-o' 'cmTC_411f8' '-shared-libgcc' '-mtls-dialect=gnu'
 /opt/fsl-imx-x11/4.1.15-2.0.0/sysroots/x86_64-pokysdk-linux/usr/libexec/arm-poky-linux-gnueabi/gcc/arm-poky-linux-gnueabi/5.3.0/collect2 -plugin /opt/fsl-imx-x11/4.1.15-2.0.0/sysroots/x86_64-pokysdk-linux/usr/libexec/arm-poky-linux-gnueabi/gcc/arm-poky-linux-gnueabi/5.3.0/liblto_plugin.so -plugin-opt=/opt/fsl-imx-x11/4.1.15-2.0.0/sysroots/x86_64-pokysdk-linux/usr/libexec/arm-poky-linux-gnueabi/gcc/arm-poky-linux-gnueabi/5.3.0/lto-wrapper -plugin-opt=-fresolution=/tmp/cc5K4uTg.res -plugin-opt=-pass-through=-lgcc_s -plugin-opt=-pass-through=-lgcc -plugin-opt=-pass-through=-lc -plugin-opt=-pass-through=-lgcc_s -plugin-opt=-pass-through=-lgcc --sysroot=/opt/fsl-imx-x11/4.1.15-2.0.0/sysroots/cortexa7hf-neon-poky-linux-gnueabi --build-id --eh-frame-hdr --hash-style=gnu -dynamic-linker /lib/ld-linux-armhf.so.3 -X -m armelf_linux_eabi -o cmTC_411f8 /opt/fsl-imx-x11/4.1.15-2.0.0/sysroots/cortexa7hf-neon-poky-linux-gnueabi/usr/lib/crt1.o /opt/fsl-imx-x11/4.1.15-2.0.0/sysroots/cortexa7hf-neon-poky-linux-gnueabi/usr/lib/crti.o /opt/fsl-imx-x11/4.1.15-2.0.0/sysroots/cortexa7hf-neon-poky-linux-gnueabi/usr/lib/arm-poky-linux-gnueabi/5.3.0/crtbegin.o -L/opt/fsl-imx-x11/4.1.15-2.0.0/sysroots/x86_64-pokysdk-linux/usr/lib/arm-poky-linux-gnueabi/gcc/arm-poky-linux-gnueabi/5.3.0 -L/opt/fsl-imx-x11/4.1.15-2.0.0/sysroots/cortexa7hf-neon-poky-linux-gnueabi/lib -L/opt/fsl-imx-x11/4.1.15-2.0.0/sysroots/cortexa7hf-neon-poky-linux-gnueabi/usr/lib/arm-poky-linux-gnueabi/5.3.0 -L/opt/fsl-imx-x11/4.1.15-2.0.0/sysroots/cortexa7hf-neon-poky-linux-gnueabi/usr/lib -O1 --hash-style=gnu --as-needed CMakeFiles/cmTC_411f8.dir/CMakeCXXCompilerABI.cpp.o -lstdc++ -lm -lgcc_s -lgcc -lc -lgcc_s -lgcc /opt/fsl-imx-x11/4.1.15-2.0.0/sysroots/cortexa7hf-neon-poky-linux-gnueabi/usr/lib/arm-poky-linux-gnueabi/5.3.0/crtend.o /opt/fsl-imx-x11/4.1.15-2.0.0/sysroots/cortexa7hf-neon-poky-linux-gnueabi/usr/lib/crtn.o
make[1]: Leaving directory '/home/myshare/CANopen_Linux/build/CMakeFiles/CMakeTmp'


Parsed CXX implicit link information from above output:
  link line regex: [^( *|.*[/\])(ld|CMAKE_LINK_STARTFILE-NOTFOUND|([^/\]+-)?ld|collect2)[^/\]*( |$)]
  ignore line: [Change Dir: /home/myshare/CANopen_Linux/build/CMakeFiles/CMakeTmp]
  ignore line: []
  ignore line: [Run Build Command:"/usr/bin/make" "cmTC_411f8/fast"]
  ignore line: [/usr/bin/make -f CMakeFiles/cmTC_411f8.dir/build.make CMakeFiles/cmTC_411f8.dir/build]
  ignore line: [make[1]: Entering directory '/home/myshare/CANopen_Linux/build/CMakeFiles/CMakeTmp']
  ignore line: [Building CXX object CMakeFiles/cmTC_411f8.dir/CMakeCXXCompilerABI.cpp.o]
  ignore line: [/opt/fsl-imx-x11/4.1.15-2.0.0/sysroots/x86_64-pokysdk-linux/usr/bin/arm-poky-linux-gnueabi/arm-poky-linux-gnueabi-g++   -march=armv7ve -mfpu=neon  -mfloat-abi=hard -mcpu=cortex-a7 --sysroot=/opt/fsl-imx-x11/4.1.15-2.0.0/sysroots/cortexa7hf-neon-poky-linux-gnueabi    -O2 -pipe -g -feliminate-unused-debug-types -fdebug-prefix-map=/home/diskc/home/liyue/poky/fsl-arm-yocto-bsp/build-fb/tmp/work/x86_64-nativesdk-pokysdk-linux/meta-environment-imx6ulevk/1.0-r8=/usr/src/debug/meta-environment-imx6ulevk/1.0-r8 -fdebug-prefix-map=/home/diskc/home/liyue/poky/fsl-arm-yocto-bsp/build-fb/tmp/sysroots/x86_64-linux= -fdebug-prefix-map=/home/diskc/home/liyue/poky/fsl-arm-yocto-bsp/build-fb/tmp/sysroots/x86_64-nativesdk-pokysdk-linux=    -o CMakeFiles/cmTC_411f8.dir/CMakeCXXCompilerABI.cpp.o -c /usr/share/cmake-3.10/Modules/CMakeCXXCompilerABI.cpp]
  ignore line: [Linking CXX executable cmTC_411f8]
  ignore line: [/usr/bin/cmake -E cmake_link_script CMakeFiles/cmTC_411f8.dir/link.txt --verbose=1]
  ignore line: [/opt/fsl-imx-x11/4.1.15-2.0.0/sysroots/x86_64-pokysdk-linux/usr/bin/arm-poky-linux-gnueabi/arm-poky-linux-gnueabi-g++   -march=armv7ve -mfpu=neon  -mfloat-abi=hard -mcpu=cortex-a7 --sysroot=/opt/fsl-imx-x11/4.1.15-2.0.0/sysroots/cortexa7hf-neon-poky-linux-gnueabi  -O2 -pipe -g -feliminate-unused-debug-types -fdebug-prefix-map=/home/diskc/home/liyue/poky/fsl-arm-yocto-bsp/build-fb/tmp/work/x86_64-nativesdk-pokysdk-linux/meta-environment-imx6ulevk/1.0-r8=/usr/src/debug/meta-environment-imx6ulevk/1.0-r8 -fdebug-prefix-map=/home/diskc/home/liyue/poky/fsl-arm-yocto-bsp/build-fb/tmp/sysroots/x86_64-linux= -fdebug-prefix-map=/home/diskc/home/liyue/poky/fsl-arm-yocto-bsp/build-fb/tmp/sysroots/x86_64-nativesdk-pokysdk-linux=   -Wl,-O1 -Wl,--hash-style=gnu -Wl,--as-needed -v CMakeFiles/cmTC_411f8.dir/CMakeCXXCompilerABI.cpp.o  -o cmTC_411f8 ]
  ignore line: [Using built-in specs.]
  ignore line: [COLLECT_GCC=/opt/fsl-imx-x11/4.1.15-2.0.0/sysroots/x86_64-pokysdk-linux/usr/bin/arm-poky-linux-gnueabi/arm-poky-linux-gnueabi-g++]
  ignore line: [COLLECT_LTO_WRAPPER=/opt/fsl-imx-x11/4.1.15-2.0.0/sysroots/x86_64-pokysdk-linux/usr/libexec/arm-poky-linux-gnueabi/gcc/arm-poky-linux-gnueabi/5.3.0/lto-wrapper]
  ignore line: [Target: arm-poky-linux-gnueabi]
  ignore line: [Configured with: ../../../../../../work-shared/gcc-5.3.0-r0/gcc-5.3.0/configure --build=x86_64-linux --host=x86_64-pokysdk-linux --target=arm-poky-linux-gnueabi --prefix=/opt/fsl-imx-x11/4.1.15-2.0.0/sysroots/x86_64-pokysdk-linux/usr --exec_prefix=/opt/fsl-imx-x11/4.1.15-2.0.0/sysroots/x86_64-pokysdk-linux/usr --bindir=/opt/fsl-imx-x11/4.1.15-2.0.0/sysroots/x86_64-pokysdk-linux/usr/bin/arm-poky-linux-gnueabi --sbindir=/opt/fsl-imx-x11/4.1.15-2.0.0/sysroots/x86_64-pokysdk-linux/usr/bin/arm-poky-linux-gnueabi --libexecdir=/opt/fsl-imx-x11/4.1.15-2.0.0/sysroots/x86_64-pokysdk-linux/usr/libexec/arm-poky-linux-gnueabi --datadir=/opt/fsl-imx-x11/4.1.15-2.0.0/sysroots/x86_64-pokysdk-linux/usr/share --sysconfdir=/opt/fsl-imx-x11/4.1.15-2.0.0/sysroots/x86_64-pokysdk-linux/etc --sharedstatedir=/opt/fsl-imx-x11/4.1.15-2.0.0/sysroots/x86_64-pokysdk-linux/com --localstatedir=/opt/fsl-imx-x11/4.1.15-2.0.0/sysroots/x86_64-pokysdk-linux/var --libdir=/opt/fsl-imx-x11/4.1.15-2.0.0/sysroots/x86_64-pokysdk-linux/usr/lib/arm-poky-linux-gnueabi --includedir=/opt/fsl-imx-x11/4.1.15-2.0.0/sysroots/x86_64-pokysdk-linux/usr/include --oldincludedir=/opt/fsl-imx-x11/4.1.15-2.0.0/sysroots/x86_64-pokysdk-linux/usr/include --infodir=/opt/fsl-imx-x11/4.1.15-2.0.0/sysroots/x86_64-pokysdk-linux/usr/share/info --mandir=/opt/fsl-imx-x11/4.1.15-2.0.0/sysroots/x86_64-pokysdk-linux/usr/share/man --disable-silent-rules --disable-dependency-tracking --with-libtool-sysroot=/home/diskc/home/liyue/poky/fsl-arm-yocto-bsp/build-fb/tmp/sysroots/x86_64-nativesdk-pokysdk-linux --with-gnu-ld --enable-shared --enable-languages=c,c++ --enable-threads=posix --enable-multilib --enable-c99 --enable-long-long --enable-symvers=gnu --enable-libstdcxx-pch --program-prefix=arm-poky-linux-gnueabi- --without-local-prefix --enable-lto --enable-libssp --enable-libitm --disable-bootstrap --disable-libmudflap --with-system-zlib --with-linker-hash-style=gnu --enable-linker-build-id --with-ppl=no --with-cloog=no --enable-checking=release --enable-cheaders=c_global --without-isl --with-gxx-include-dir=/not/exist/usr/include/c++/5.3.0 --with-build-time-tools=/home/diskc/home/liyue/poky/fsl-arm-yocto-bsp/build-fb/tmp/sysroots/x86_64-linux/usr/arm-poky-linux-gnueabi/bin --with-sysroot=/not/exist --with-build-sysroot=/home/diskc/home/liyue/poky/fsl-arm-yocto-bsp/build-fb/tmp/sysroots/imx6ulevk --enable-poison-system-directories --with-mpfr=/home/diskc/home/liyue/poky/fsl-arm-yocto-bsp/build-fb/tmp/sysroots/x86_64-nativesdk-pokysdk-linux --with-mpc=/home/diskc/home/liyue/poky/fsl-arm-yocto-bsp/build-fb/tmp/sysroots/x86_64-nativesdk-pokysdk-linux --enable-nls --with-arch=armv7-a]
  ignore line: [Thread model: posix]
  ignore line: [gcc version 5.3.0 (GCC) ]
  ignore line: [COMPILER_PATH=/opt/fsl-imx-x11/4.1.15-2.0.0/sysroots/x86_64-pokysdk-linux/usr/libexec/arm-poky-linux-gnueabi/gcc/arm-poky-linux-gnueabi/5.3.0/:/opt/fsl-imx-x11/4.1.15-2.0.0/sysroots/x86_64-pokysdk-linux/usr/libexec/arm-poky-linux-gnueabi/gcc/arm-poky-linux-gnueabi/5.3.0/:/opt/fsl-imx-x11/4.1.15-2.0.0/sysroots/x86_64-pokysdk-linux/usr/libexec/arm-poky-linux-gnueabi/gcc/arm-poky-linux-gnueabi/:/opt/fsl-imx-x11/4.1.15-2.0.0/sysroots/x86_64-pokysdk-linux/usr/lib/arm-poky-linux-gnueabi/gcc/arm-poky-linux-gnueabi/5.3.0/:/opt/fsl-imx-x11/4.1.15-2.0.0/sysroots/x86_64-pokysdk-linux/usr/lib/arm-poky-linux-gnueabi/gcc/arm-poky-linux-gnueabi/]
  ignore line: [LIBRARY_PATH=/opt/fsl-imx-x11/4.1.15-2.0.0/sysroots/x86_64-pokysdk-linux/usr/lib/arm-poky-linux-gnueabi/gcc/arm-poky-linux-gnueabi/5.3.0/:/opt/fsl-imx-x11/4.1.15-2.0.0/sysroots/cortexa7hf-neon-poky-linux-gnueabi/lib/:/opt/fsl-imx-x11/4.1.15-2.0.0/sysroots/cortexa7hf-neon-poky-linux-gnueabi/usr/lib/arm-poky-linux-gnueabi/5.3.0/:/opt/fsl-imx-x11/4.1.15-2.0.0/sysroots/cortexa7hf-neon-poky-linux-gnueabi/usr/lib/]
  ignore line: [COLLECT_GCC_OPTIONS='--sysroot=/opt/fsl-imx-x11/4.1.15-2.0.0/sysroots/cortexa7hf-neon-poky-linux-gnueabi' '-march=armv7ve' '-mfpu=neon' '-mfloat-abi=hard' '-mcpu=cortex-a7' '-O2' '-pipe' '-g' '-feliminate-unused-debug-types' '-fdebug-prefix-map=/home/diskc/home/liyue/poky/fsl-arm-yocto-bsp/build-fb/tmp/work/x86_64-nativesdk-pokysdk-linux/meta-environment-imx6ulevk/1.0-r8=/usr/src/debug/meta-environment-imx6ulevk/1.0-r8' '-fdebug-prefix-map=/home/diskc/home/liyue/poky/fsl-arm-yocto-bsp/build-fb/tmp/sysroots/x86_64-linux=' '-fdebug-prefix-map=/home/diskc/home/liyue/poky/fsl-arm-yocto-bsp/build-fb/tmp/sysroots/x86_64-nativesdk-pokysdk-linux=' '-v' '-o' 'cmTC_411f8' '-shared-libgcc' '-mtls-dialect=gnu']
  link line: [ /opt/fsl-imx-x11/4.1.15-2.0.0/sysroots/x86_64-pokysdk-linux/usr/libexec/arm-poky-linux-gnueabi/gcc/arm-poky-linux-gnueabi/5.3.0/collect2 -plugin /opt/fsl-imx-x11/4.1.15-2.0.0/sysroots/x86_64-pokysdk-linux/usr/libexec/arm-poky-linux-gnueabi/gcc/arm-poky-linux-gnueabi/5.3.0/liblto_plugin.so -plugin-opt=/opt/fsl-imx-x11/4.1.15-2.0.0/sysroots/x86_64-pokysdk-linux/usr/libexec/arm-poky-linux-gnueabi/gcc/arm-poky-linux-gnueabi/5.3.0/lto-wrapper -plugin-opt=-fresolution=/tmp/cc5K4uTg.res -plugin-opt=-pass-through=-lgcc_s -plugin-opt=-pass-through=-lgcc -plugin-opt=-pass-through=-lc -plugin-opt=-pass-through=-lgcc_s -plugin-opt=-pass-through=-lgcc --sysroot=/opt/fsl-imx-x11/4.1.15-2.0.0/sysroots/cortexa7hf-neon-poky-linux-gnueabi --build-id --eh-frame-hdr --hash-style=gnu -dynamic-linker /lib/ld-linux-armhf.so.3 -X -m armelf_linux_eabi -o cmTC_411f8 /opt/fsl-imx-x11/4.1.15-2.0.0/sysroots/cortexa7hf-neon-poky-linux-gnueabi/usr/lib/crt1.o /opt/fsl-imx-x11/4.1.15-2.0.0/sysroots/cortexa7hf-neon-poky-linux-gnueabi/usr/lib/crti.o /opt/fsl-imx-x11/4.1.15-2.0.0/sysroots/cortexa7hf-neon-poky-linux-gnueabi/usr/lib/arm-poky-linux-gnueabi/5.3.0/crtbegin.o -L/opt/fsl-imx-x11/4.1.15-2.0.0/sysroots/x86_64-pokysdk-linux/usr/lib/arm-poky-linux-gnueabi/gcc/arm-poky-linux-gnueabi/5.3.0 -L/opt/fsl-imx-x11/4.1.15-2.0.0/sysroots/cortexa7hf-neon-poky-linux-gnueabi/lib -L/opt/fsl-imx-x11/4.1.15-2.0.0/sysroots/cortexa7hf-neon-poky-linux-gnueabi/usr/lib/arm-poky-linux-gnueabi/5.3.0 -L/opt/fsl-imx-x11/4.1.15-2.0.0/sysroots/cortexa7hf-neon-poky-linux-gnueabi/usr/lib -O1 --hash-style=gnu --as-needed CMakeFiles/cmTC_411f8.dir/CMakeCXXCompilerABI.cpp.o -lstdc++ -lm -lgcc_s -lgcc -lc -lgcc_s -lgcc /opt/fsl-imx-x11/4.1.15-2.0.0/sysroots/cortexa7hf-neon-poky-linux-gnueabi/usr/lib/arm-poky-linux-gnueabi/5.3.0/crtend.o /opt/fsl-imx-x11/4.1.15-2.0.0/sysroots/cortexa7hf-neon-poky-linux-gnueabi/usr/lib/crtn.o]
    arg [/opt/fsl-imx-x11/4.1.15-2.0.0/sysroots/x86_64-pokysdk-linux/usr/libexec/arm-poky-linux-gnueabi/gcc/arm-poky-linux-gnueabi/5.3.0/collect2] ==> ignore
    arg [-plugin] ==> ignore
    arg [/opt/fsl-imx-x11/4.1.15-2.0.0/sysroots/x86_64-pokysdk-linux/usr/libexec/arm-poky-linux-gnueabi/gcc/arm-poky-linux-gnueabi/5.3.0/liblto_plugin.so] ==> ignore
    arg [-plugin-opt=/opt/fsl-imx-x11/4.1.15-2.0.0/sysroots/x86_64-pokysdk-linux/usr/libexec/arm-poky-linux-gnueabi/gcc/arm-poky-linux-gnueabi/5.3.0/lto-wrapper] ==> ignore
    arg [-plugin-opt=-fresolution=/tmp/cc5K4uTg.res] ==> ignore
    arg [-plugin-opt=-pass-through=-lgcc_s] ==> ignore
    arg [-plugin-opt=-pass-through=-lgcc] ==> ignore
    arg [-plugin-opt=-pass-through=-lc] ==> ignore
    arg [-plugin-opt=-pass-through=-lgcc_s] ==> ignore
    arg [-plugin-opt=-pass-through=-lgcc] ==> ignore
    arg [--sysroot=/opt/fsl-imx-x11/4.1.15-2.0.0/sysroots/cortexa7hf-neon-poky-linux-gnueabi] ==> ignore
    arg [--build-id] ==> ignore
    arg [--eh-frame-hdr] ==> ignore
    arg [--hash-style=gnu] ==> ignore
    arg [-dynamic-linker] ==> ignore
    arg [/lib/ld-linux-armhf.so.3] ==> ignore
    arg [-X] ==> ignore
    arg [-m] ==> ignore
    arg [armelf_linux_eabi] ==> ignore
    arg [-o] ==> ignore
    arg [cmTC_411f8] ==> ignore
    arg [/opt/fsl-imx-x11/4.1.15-2.0.0/sysroots/cortexa7hf-neon-poky-linux-gnueabi/usr/lib/crt1.o] ==> ignore
    arg [/opt/fsl-imx-x11/4.1.15-2.0.0/sysroots/cortexa7hf-neon-poky-linux-gnueabi/usr/lib/crti.o] ==> ignore
    arg [/opt/fsl-imx-x11/4.1.15-2.0.0/sysroots/cortexa7hf-neon-poky-linux-gnueabi/usr/lib/arm-poky-linux-gnueabi/5.3.0/crtbegin.o] ==> ignore
    arg [-L/opt/fsl-imx-x11/4.1.15-2.0.0/sysroots/x86_64-pokysdk-linux/usr/lib/arm-poky-linux-gnueabi/gcc/arm-poky-linux-gnueabi/5.3.0] ==> dir [/opt/fsl-imx-x11/4.1.15-2.0.0/sysroots/x86_64-pokysdk-linux/usr/lib/arm-poky-linux-gnueabi/gcc/arm-poky-linux-gnueabi/5.3.0]
    arg [-L/opt/fsl-imx-x11/4.1.15-2.0.0/sysroots/cortexa7hf-neon-poky-linux-gnueabi/lib] ==> dir [/opt/fsl-imx-x11/4.1.15-2.0.0/sysroots/cortexa7hf-neon-poky-linux-gnueabi/lib]
    arg [-L/opt/fsl-imx-x11/4.1.15-2.0.0/sysroots/cortexa7hf-neon-poky-linux-gnueabi/usr/lib/arm-poky-linux-gnueabi/5.3.0] ==> dir [/opt/fsl-imx-x11/4.1.15-2.0.0/sysroots/cortexa7hf-neon-poky-linux-gnueabi/usr/lib/arm-poky-linux-gnueabi/5.3.0]
    arg [-L/opt/fsl-imx-x11/4.1.15-2.0.0/sysroots/cortexa7hf-neon-poky-linux-gnueabi/usr/lib] ==> dir [/opt/fsl-imx-x11/4.1.15-2.0.0/sysroots/cortexa7hf-neon-poky-linux-gnueabi/usr/lib]
    arg [-O1] ==> ignore
    arg [--hash-style=gnu] ==> ignore
    arg [--as-needed] ==> ignore
    arg [CMakeFiles/cmTC_411f8.dir/CMakeCXXCompilerABI.cpp.o] ==> ignore
    arg [-lstdc++] ==> lib [stdc++]
    arg [-lm] ==> lib [m]
    arg [-lgcc_s] ==> lib [gcc_s]
    arg [-lgcc] ==> lib [gcc]
    arg [-lc] ==> lib [c]
    arg [-lgcc_s] ==> lib [gcc_s]
    arg [-lgcc] ==> lib [gcc]
    arg [/opt/fsl-imx-x11/4.1.15-2.0.0/sysroots/cortexa7hf-neon-poky-linux-gnueabi/usr/lib/arm-poky-linux-gnueabi/5.3.0/crtend.o] ==> ignore
    arg [/opt/fsl-imx-x11/4.1.15-2.0.0/sysroots/cortexa7hf-neon-poky-linux-gnueabi/usr/lib/crtn.o] ==> ignore
  collapse library dir [/opt/fsl-imx-x11/4.1.15-2.0.0/sysroots/x86_64-pokysdk-linux/usr/lib/arm-poky-linux-gnueabi/gcc/arm-poky-linux-gnueabi/5.3.0] ==> [/opt/fsl-imx-x11/4.1.15-2.0.0/sysroots/x86_64-pokysdk-linux/usr/lib/arm-poky-linux-gnueabi/gcc/arm-poky-linux-gnueabi/5.3.0]
  collapse library dir [/opt/fsl-imx-x11/4.1.15-2.0.0/sysroots/cortexa7hf-neon-poky-linux-gnueabi/lib] ==> [/opt/fsl-imx-x11/4.1.15-2.0.0/sysroots/cortexa7hf-neon-poky-linux-gnueabi/lib]
  collapse library dir [/opt/fsl-imx-x11/4.1.15-2.0.0/sysroots/cortexa7hf-neon-poky-linux-gnueabi/usr/lib/arm-poky-linux-gnueabi/5.3.0] ==> [/opt/fsl-imx-x11/4.1.15-2.0.0/sysroots/cortexa7hf-neon-poky-linux-gnueabi/usr/lib/arm-poky-linux-gnueabi/5.3.0]
  collapse library dir [/opt/fsl-imx-x11/4.1.15-2.0.0/sysroots/cortexa7hf-neon-poky-linux-gnueabi/usr/lib] ==> [/opt/fsl-imx-x11/4.1.15-2.0.0/sysroots/cortexa7hf-neon-poky-linux-gnueabi/usr/lib]
  implicit libs: [stdc++;m;gcc_s;gcc;c;gcc_s;gcc]
  implicit dirs: [/opt/fsl-imx-x11/4.1.15-2.0.0/sysroots/x86_64-pokysdk-linux/usr/lib/arm-poky-linux-gnueabi/gcc/arm-poky-linux-gnueabi/5.3.0;/opt/fsl-imx-x11/4.1.15-2.0.0/sysroots/cortexa7hf-neon-poky-linux-gnueabi/lib;/opt/fsl-imx-x11/4.1.15-2.0.0/sysroots/cortexa7hf-neon-poky-linux-gnueabi/usr/lib/arm-poky-linux-gnueabi/5.3.0;/opt/fsl-imx-x11/4.1.15-2.0.0/sysroots/cortexa7hf-neon-poky-linux-gnueabi/usr/lib]
  implicit fwks: []




Detecting CXX [-std=c++1z] compiler features compiled with the following output:
Change Dir: /home/myshare/CANopen_Linux/build/CMakeFiles/CMakeTmp

Run Build Command:"/usr/bin/make" "cmTC_81439/fast"
/usr/bin/make -f CMakeFiles/cmTC_81439.dir/build.make CMakeFiles/cmTC_81439.dir/build
make[1]: Entering directory '/home/myshare/CANopen_Linux/build/CMakeFiles/CMakeTmp'
Building CXX object CMakeFiles/cmTC_81439.dir/feature_tests.cxx.o
/opt/fsl-imx-x11/4.1.15-2.0.0/sysroots/x86_64-pokysdk-linux/usr/bin/arm-poky-linux-gnueabi/arm-poky-linux-gnueabi-g++   -march=armv7ve -mfpu=neon  -mfloat-abi=hard -mcpu=cortex-a7 --sysroot=/opt/fsl-imx-x11/4.1.15-2.0.0/sysroots/cortexa7hf-neon-poky-linux-gnueabi    -O2 -pipe -g -feliminate-unused-debug-types -fdebug-prefix-map=/home/diskc/home/liyue/poky/fsl-arm-yocto-bsp/build-fb/tmp/work/x86_64-nativesdk-pokysdk-linux/meta-environment-imx6ulevk/1.0-r8=/usr/src/debug/meta-environment-imx6ulevk/1.0-r8 -fdebug-prefix-map=/home/diskc/home/liyue/poky/fsl-arm-yocto-bsp/build-fb/tmp/sysroots/x86_64-linux= -fdebug-prefix-map=/home/diskc/home/liyue/poky/fsl-arm-yocto-bsp/build-fb/tmp/sysroots/x86_64-nativesdk-pokysdk-linux=    -std=c++1z -o CMakeFiles/cmTC_81439.dir/feature_tests.cxx.o -c /home/myshare/CANopen_Linux/build/CMakeFiles/feature_tests.cxx
Linking CXX executable cmTC_81439
/usr/bin/cmake -E cmake_link_script CMakeFiles/cmTC_81439.dir/link.txt --verbose=1
/opt/fsl-imx-x11/4.1.15-2.0.0/sysroots/x86_64-pokysdk-linux/usr/bin/arm-poky-linux-gnueabi/arm-poky-linux-gnueabi-g++   -march=armv7ve -mfpu=neon  -mfloat-abi=hard -mcpu=cortex-a7 --sysroot=/opt/fsl-imx-x11/4.1.15-2.0.0/sysroots/cortexa7hf-neon-poky-linux-gnueabi  -O2 -pipe -g -feliminate-unused-debug-types -fdebug-prefix-map=/home/diskc/home/liyue/poky/fsl-arm-yocto-bsp/build-fb/tmp/work/x86_64-nativesdk-pokysdk-linux/meta-environment-imx6ulevk/1.0-r8=/usr/src/debug/meta-environment-imx6ulevk/1.0-r8 -fdebug-prefix-map=/home/diskc/home/liyue/poky/fsl-arm-yocto-bsp/build-fb/tmp/sysroots/x86_64-linux= -fdebug-prefix-map=/home/diskc/home/liyue/poky/fsl-arm-yocto-bsp/build-fb/tmp/sysroots/x86_64-nativesdk-pokysdk-linux=   -Wl,-O1 -Wl,--hash-style=gnu -Wl,--as-needed  CMakeFiles/cmTC_81439.dir/feature_tests.cxx.o  -o cmTC_81439 
make[1]: Leaving directory '/home/myshare/CANopen_Linux/build/CMakeFiles/CMakeTmp'


    Feature record: CXX_FEATURE:1cxx_aggregate_default_initializers
    Feature record: CXX_FEATURE:1cxx_alias_templates
    Feature record: CXX_FEATURE:1cxx_alignas
    Feature record: CXX_FEATURE:1cxx_alignof
    Feature record: CXX_FEATURE:1cxx_attributes
    Feature record: CXX_FEATURE:1cxx_attribute_deprecated
    Feature record: CXX_FEATURE:1cxx_auto_type
    Feature record: CXX_FEATURE:1cxx_binary_literals
    Feature record: CXX_FEATURE:1cxx_constexpr
    Feature record: CXX_FEATURE:1cxx_contextual_conversions
    Feature record: CXX_FEATURE:1cxx_decltype
    Feature record: CXX_FEATURE:1cxx_decltype_auto
    Feature record: CXX_FEATURE:1cxx_decltype_incomplete_return_types
    Feature record: CXX_FEATURE:1cxx_default_function_template_args
    Feature record: CXX_FEATURE:1cxx_defaulted_functions
    Feature record: CXX_FEATURE:1cxx_defaulted_move_initializers
    Feature record: CXX_FEATURE:1cxx_delegating_constructors
    Feature record: CXX_FEATURE:1cxx_deleted_functions
    Feature record: CXX_FEATURE:1cxx_digit_separators
    Feature record: CXX_FEATURE:1cxx_enum_forward_declarations
    Feature record: CXX_FEATURE:1cxx_explicit_conversions
    Feature record: CXX_FEATURE:1cxx_extended_friend_declarations
    Feature record: CXX_FEATURE:1cxx_extern_templates
    Feature record: CXX_FEATURE:1cxx_final
    Feature record: CXX_FEATURE:1cxx_func_identifier
    Feature record: CXX_FEATURE:1cxx_generalized_initializers
    Feature record: CXX_FEATURE:1cxx_generic_lambdas
    Feature record: CXX_FEATURE:1cxx_inheriting_constructors
    Feature record: CXX_FEATURE:1cxx_inline_namespaces
    Feature record: CXX_FEATURE:1cxx_lambdas
    Feature record: CXX_FEATURE:1cxx_lambda_init_captures
    Feature record: CXX_FEATURE:1cxx_local_type_template_args
    Feature record: CXX_FEATURE:1cxx_long_long_type
    Feature record: CXX_FEATURE:1cxx_noexcept
    Feature record: CXX_FEATURE:1cxx_nonstatic_member_init
    Feature record: CXX_FEATURE:1cxx_nullptr
    Feature record: CXX_FEATURE:1cxx_override
    Feature record: CXX_FEATURE:1cxx_range_for
    Feature record: CXX_FEATURE:1cxx_raw_string_literals
    Feature record: CXX_FEATURE:1cxx_reference_qualified_functions
    Feature record: CXX_FEATURE:1cxx_relaxed_constexpr
    Feature record: CXX_FEATURE:1cxx_return_type_deduction
    Feature record: CXX_FEATURE:1cxx_right_angle_brackets
    Feature record: CXX_FEATURE:1cxx_rvalue_references
    Feature record: CXX_FEATURE:1cxx_sizeof_member
    Feature record: CXX_FEATURE:1cxx_static_assert
    Feature record: CXX_FEATURE:1cxx_strong_enums
    Feature record: CXX_FEATURE:1cxx_template_template_parameters
    Feature record: CXX_FEATURE:1cxx_thread_local
    Feature record: CXX_FEATURE:1cxx_trailing_return_types
    Feature record: CXX_FEATURE:1cxx_unicode_literals
    Feature record: CXX_FEATURE:1cxx_uniform_initialization
    Feature record: CXX_FEATURE:1cxx_unrestricted_unions
    Feature record: CXX_FEATURE:1cxx_user_literals
    Feature record: CXX_FEATURE:1cxx_variable_templates
    Feature record: CXX_FEATURE:1cxx_variadic_macros
    Feature record: CXX_FEATURE:1cxx_variadic_templates


Detecting CXX [-std=c++14] compiler features compiled with the following output:
Change Dir: /home/myshare/CANopen_Linux/build/CMakeFiles/CMakeTmp

Run Build Command:"/usr/bin/make" "cmTC_39803/fast"
/usr/bin/make -f CMakeFiles/cmTC_39803.dir/build.make CMakeFiles/cmTC_39803.dir/build
make[1]: Entering directory '/home/myshare/CANopen_Linux/build/CMakeFiles/CMakeTmp'
Building CXX object CMakeFiles/cmTC_39803.dir/feature_tests.cxx.o
/opt/fsl-imx-x11/4.1.15-2.0.0/sysroots/x86_64-pokysdk-linux/usr/bin/arm-poky-linux-gnueabi/arm-poky-linux-gnueabi-g++   -march=armv7ve -mfpu=neon  -mfloat-abi=hard -mcpu=cortex-a7 --sysroot=/opt/fsl-imx-x11/4.1.15-2.0.0/sysroots/cortexa7hf-neon-poky-linux-gnueabi    -O2 -pipe -g -feliminate-unused-debug-types -fdebug-prefix-map=/home/diskc/home/liyue/poky/fsl-arm-yocto-bsp/build-fb/tmp/work/x86_64-nativesdk-pokysdk-linux/meta-environment-imx6ulevk/1.0-r8=/usr/src/debug/meta-environment-imx6ulevk/1.0-r8 -fdebug-prefix-map=/home/diskc/home/liyue/poky/fsl-arm-yocto-bsp/build-fb/tmp/sysroots/x86_64-linux= -fdebug-prefix-map=/home/diskc/home/liyue/poky/fsl-arm-yocto-bsp/build-fb/tmp/sysroots/x86_64-nativesdk-pokysdk-linux=    -std=c++14 -o CMakeFiles/cmTC_39803.dir/feature_tests.cxx.o -c /home/myshare/CANopen_Linux/build/CMakeFiles/feature_tests.cxx
Linking CXX executable cmTC_39803
/usr/bin/cmake -E cmake_link_script CMakeFiles/cmTC_39803.dir/link.txt --verbose=1
/opt/fsl-imx-x11/4.1.15-2.0.0/sysroots/x86_64-pokysdk-linux/usr/bin/arm-poky-linux-gnueabi/arm-poky-linux-gnueabi-g++   -march=armv7ve -mfpu=neon  -mfloat-abi=hard -mcpu=cortex-a7 --sysroot=/opt/fsl-imx-x11/4.1.15-2.0.0/sysroots/cortexa7hf-neon-poky-linux-gnueabi  -O2 -pipe -g -feliminate-unused-debug-types -fdebug-prefix-map=/home/diskc/home/liyue/poky/fsl-arm-yocto-bsp/build-fb/tmp/work/x86_64-nativesdk-pokysdk-linux/meta-environment-imx6ulevk/1.0-r8=/usr/src/debug/meta-environment-imx6ulevk/1.0-r8 -fdebug-prefix-map=/home/diskc/home/liyue/poky/fsl-arm-yocto-bsp/build-fb/tmp/sysroots/x86_64-linux= -fdebug-prefix-map=/home/diskc/home/liyue/poky/fsl-arm-yocto-bsp/build-fb/tmp/sysroots/x86_64-nativesdk-pokysdk-linux=   -Wl,-O1 -Wl,--hash-style=gnu -Wl,--as-needed  CMakeFiles/cmTC_39803.dir/feature_tests.cxx.o  -o cmTC_39803 
make[1]: Leaving directory '/home/myshare/CANopen_Linux/build/CMakeFiles/CMakeTmp'


    Feature record: CXX_FEATURE:1cxx_aggregate_default_initializers
    Feature record: CXX_FEATURE:1cxx_alias_templates
    Feature record: CXX_FEATURE:1cxx_alignas
    Feature record: CXX_FEATURE:1cxx_alignof
    Feature record: CXX_FEATURE:1cxx_attributes
    Feature record: CXX_FEATURE:1cxx_attribute_deprecated
    Feature record: CXX_FEATURE:1cxx_auto_type
    Feature record: CXX_FEATURE:1cxx_binary_literals
    Feature record: CXX_FEATURE:1cxx_constexpr
    Feature record: CXX_FEATURE:1cxx_contextual_conversions
    Feature record: CXX_FEATURE:1cxx_decltype
    Feature record: CXX_FEATURE:1cxx_decltype_auto
    Feature record: CXX_FEATURE:1cxx_decltype_incomplete_return_types
    Feature record: CXX_FEATURE:1cxx_default_function_template_args
    Feature record: CXX_FEATURE:1cxx_defaulted_functions
    Feature record: CXX_FEATURE:1cxx_defaulted_move_initializers
    Feature record: CXX_FEATURE:1cxx_delegating_constructors
    Feature record: CXX_FEATURE:1cxx_deleted_functions
    Feature record: CXX_FEATURE:1cxx_digit_separators
    Feature record: CXX_FEATURE:1cxx_enum_forward_declarations
    Feature record: CXX_FEATURE:1cxx_explicit_conversions
    Feature record: CXX_FEATURE:1cxx_extended_friend_declarations
    Feature record: CXX_FEATURE:1cxx_extern_templates
    Feature record: CXX_FEATURE:1cxx_final
    Feature record: CXX_FEATURE:1cxx_func_identifier
    Feature record: CXX_FEATURE:1cxx_generalized_initializers
    Feature record: CXX_FEATURE:1cxx_generic_lambdas
    Feature record: CXX_FEATURE:1cxx_inheriting_constructors
    Feature record: CXX_FEATURE:1cxx_inline_namespaces
    Feature record: CXX_FEATURE:1cxx_lambdas
    Feature record: CXX_FEATURE:1cxx_lambda_init_captures
    Feature record: CXX_FEATURE:1cxx_local_type_template_args
    Feature record: CXX_FEATURE:1cxx_long_long_type
    Feature record: CXX_FEATURE:1cxx_noexcept
    Feature record: CXX_FEATURE:1cxx_nonstatic_member_init
    Feature record: CXX_FEATURE:1cxx_nullptr
    Feature record: CXX_FEATURE:1cxx_override
    Feature record: CXX_FEATURE:1cxx_range_for
    Feature record: CXX_FEATURE:1cxx_raw_string_literals
    Feature record: CXX_FEATURE:1cxx_reference_qualified_functions
    Feature record: CXX_FEATURE:1cxx_relaxed_constexpr
    Feature record: CXX_FEATURE:1cxx_return_type_deduction
    Feature record: CXX_FEATURE:1cxx_right_angle_brackets
    Feature record: CXX_FEATURE:1cxx_rvalue_references
    Feature record: CXX_FEATURE:1cxx_sizeof_member
    Feature record: CXX_FEATURE:1cxx_static_assert
    Feature record: CXX_FEATURE:1cxx_strong_enums
    Feature record: CXX_FEATURE:1cxx_template_template_parameters
    Feature record: CXX_FEATURE:1cxx_thread_local
    Feature record: CXX_FEATURE:1cxx_trailing_return_types
    Feature record: CXX_FEATURE:1cxx_unicode_literals
    Feature record: CXX_FEATURE:1cxx_uniform_initialization
    Feature record: CXX_FEATURE:1cxx_unrestricted_unions
    Feature record: CXX_FEATURE:1cxx_user_literals
    Feature record: CXX_FEATURE:1cxx_variable_templates
    Feature record: CXX_FEATURE:1cxx_variadic_macros
    Feature record: CXX_FEATURE:1cxx_variadic_templates


Detecting CXX [-std=c++11] compiler features compiled with the following output:
Change Dir: /home/myshare/CANopen_Linux/build/CMakeFiles/CMakeTmp

Run Build Command:"/usr/bin/make" "cmTC_f691f/fast"
/usr/bin/make -f CMakeFiles/cmTC_f691f.dir/build.make CMakeFiles/cmTC_f691f.dir/build
make[1]: Entering directory '/home/myshare/CANopen_Linux/build/CMakeFiles/CMakeTmp'
Building CXX object CMakeFiles/cmTC_f691f.dir/feature_tests.cxx.o
/opt/fsl-imx-x11/4.1.15-2.0.0/sysroots/x86_64-pokysdk-linux/usr/bin/arm-poky-linux-gnueabi/arm-poky-linux-gnueabi-g++   -march=armv7ve -mfpu=neon  -mfloat-abi=hard -mcpu=cortex-a7 --sysroot=/opt/fsl-imx-x11/4.1.15-2.0.0/sysroots/cortexa7hf-neon-poky-linux-gnueabi    -O2 -pipe -g -feliminate-unused-debug-types -fdebug-prefix-map=/home/diskc/home/liyue/poky/fsl-arm-yocto-bsp/build-fb/tmp/work/x86_64-nativesdk-pokysdk-linux/meta-environment-imx6ulevk/1.0-r8=/usr/src/debug/meta-environment-imx6ulevk/1.0-r8 -fdebug-prefix-map=/home/diskc/home/liyue/poky/fsl-arm-yocto-bsp/build-fb/tmp/sysroots/x86_64-linux= -fdebug-prefix-map=/home/diskc/home/liyue/poky/fsl-arm-yocto-bsp/build-fb/tmp/sysroots/x86_64-nativesdk-pokysdk-linux=    -std=c++11 -o CMakeFiles/cmTC_f691f.dir/feature_tests.cxx.o -c /home/myshare/CANopen_Linux/build/CMakeFiles/feature_tests.cxx
Linking CXX executable cmTC_f691f
/usr/bin/cmake -E cmake_link_script CMakeFiles/cmTC_f691f.dir/link.txt --verbose=1
/opt/fsl-imx-x11/4.1.15-2.0.0/sysroots/x86_64-pokysdk-linux/usr/bin/arm-poky-linux-gnueabi/arm-poky-linux-gnueabi-g++   -march=armv7ve -mfpu=neon  -mfloat-abi=hard -mcpu=cortex-a7 --sysroot=/opt/fsl-imx-x11/4.1.15-2.0.0/sysroots/cortexa7hf-neon-poky-linux-gnueabi  -O2 -pipe -g -feliminate-unused-debug-types -fdebug-prefix-map=/home/diskc/home/liyue/poky/fsl-arm-yocto-bsp/build-fb/tmp/work/x86_64-nativesdk-pokysdk-linux/meta-environment-imx6ulevk/1.0-r8=/usr/src/debug/meta-environment-imx6ulevk/1.0-r8 -fdebug-prefix-map=/home/diskc/home/liyue/poky/fsl-arm-yocto-bsp/build-fb/tmp/sysroots/x86_64-linux= -fdebug-prefix-map=/home/diskc/home/liyue/poky/fsl-arm-yocto-bsp/build-fb/tmp/sysroots/x86_64-nativesdk-pokysdk-linux=   -Wl,-O1 -Wl,--hash-style=gnu -Wl,--as-needed  CMakeFiles/cmTC_f691f.dir/feature_tests.cxx.o  -o cmTC_f691f 
make[1]: Leaving directory '/home/myshare/CANopen_Linux/build/CMakeFiles/CMakeTmp'


    Feature record: CXX_FEATURE:0cxx_aggregate_default_initializers
    Feature record: CXX_FEATURE:1cxx_alias_templates
    Feature record: CXX_FEATURE:1cxx_alignas
    Feature record: CXX_FEATURE:1cxx_alignof
    Feature record: CXX_FEATURE:1cxx_attributes
    Feature record: CXX_FEATURE:0cxx_attribute_deprecated
    Feature record: CXX_FEATURE:1cxx_auto_type
    Feature record: CXX_FEATURE:0cxx_binary_literals
    Feature record: CXX_FEATURE:1cxx_constexpr
    Feature record: CXX_FEATURE:0cxx_contextual_conversions
    Feature record: CXX_FEATURE:1cxx_decltype
    Feature record: CXX_FEATURE:0cxx_decltype_auto
    Feature record: CXX_FEATURE:1cxx_decltype_incomplete_return_types
    Feature record: CXX_FEATURE:1cxx_default_function_template_args
    Feature record: CXX_FEATURE:1cxx_defaulted_functions
    Feature record: CXX_FEATURE:1cxx_defaulted_move_initializers
    Feature record: CXX_FEATURE:1cxx_delegating_constructors
    Feature record: CXX_FEATURE:1cxx_deleted_functions
    Feature record: CXX_FEATURE:0cxx_digit_separators
    Feature record: CXX_FEATURE:1cxx_enum_forward_declarations
    Feature record: CXX_FEATURE:1cxx_explicit_conversions
    Feature record: CXX_FEATURE:1cxx_extended_friend_declarations
    Feature record: CXX_FEATURE:1cxx_extern_templates
    Feature record: CXX_FEATURE:1cxx_final
    Feature record: CXX_FEATURE:1cxx_func_identifier
    Feature record: CXX_FEATURE:1cxx_generalized_initializers
    Feature record: CXX_FEATURE:0cxx_generic_lambdas
    Feature record: CXX_FEATURE:1cxx_inheriting_constructors
    Feature record: CXX_FEATURE:1cxx_inline_namespaces
    Feature record: CXX_FEATURE:1cxx_lambdas
    Feature record: CXX_FEATURE:0cxx_lambda_init_captures
    Feature record: CXX_FEATURE:1cxx_local_type_template_args
    Feature record: CXX_FEATURE:1cxx_long_long_type
    Feature record: CXX_FEATURE:1cxx_noexcept
    Feature record: CXX_FEATURE:1cxx_nonstatic_member_init
    Feature record: CXX_FEATURE:1cxx_nullptr
    Feature record: CXX_FEATURE:1cxx_override
    Feature record: CXX_FEATURE:1cxx_range_for
    Feature record: CXX_FEATURE:1cxx_raw_string_literals
    Feature record: CXX_FEATURE:1cxx_reference_qualified_functions
    Feature record: CXX_FEATURE:0cxx_relaxed_constexpr
    Feature record: CXX_FEATURE:0cxx_return_type_deduction
    Feature record: CXX_FEATURE:1cxx_right_angle_brackets
    Feature record: CXX_FEATURE:1cxx_rvalue_references
    Feature record: CXX_FEATURE:1cxx_sizeof_member
    Feature record: CXX_FEATURE:1cxx_static_assert
    Feature record: CXX_FEATURE:1cxx_strong_enums
    Feature record: CXX_FEATURE:1cxx_template_template_parameters
    Feature record: CXX_FEATURE:1cxx_thread_local
    Feature record: CXX_FEATURE:1cxx_trailing_return_types
    Feature record: CXX_FEATURE:1cxx_unicode_literals
    Feature record: CXX_FEATURE:1cxx_uniform_initialization
    Feature record: CXX_FEATURE:1cxx_unrestricted_unions
    Feature record: CXX_FEATURE:1cxx_user_literals
    Feature record: CXX_FEATURE:0cxx_variable_templates
    Feature record: CXX_FEATURE:1cxx_variadic_macros
    Feature record: CXX_FEATURE:1cxx_variadic_templates


Detecting CXX [-std=c++98] compiler features compiled with the following output:
Change Dir: /home/myshare/CANopen_Linux/build/CMakeFiles/CMakeTmp

Run Build Command:"/usr/bin/make" "cmTC_0f8a5/fast"
/usr/bin/make -f CMakeFiles/cmTC_0f8a5.dir/build.make CMakeFiles/cmTC_0f8a5.dir/build
make[1]: Entering directory '/home/myshare/CANopen_Linux/build/CMakeFiles/CMakeTmp'
Building CXX object CMakeFiles/cmTC_0f8a5.dir/feature_tests.cxx.o
/opt/fsl-imx-x11/4.1.15-2.0.0/sysroots/x86_64-pokysdk-linux/usr/bin/arm-poky-linux-gnueabi/arm-poky-linux-gnueabi-g++   -march=armv7ve -mfpu=neon  -mfloat-abi=hard -mcpu=cortex-a7 --sysroot=/opt/fsl-imx-x11/4.1.15-2.0.0/sysroots/cortexa7hf-neon-poky-linux-gnueabi    -O2 -pipe -g -feliminate-unused-debug-types -fdebug-prefix-map=/home/diskc/home/liyue/poky/fsl-arm-yocto-bsp/build-fb/tmp/work/x86_64-nativesdk-pokysdk-linux/meta-environment-imx6ulevk/1.0-r8=/usr/src/debug/meta-environment-imx6ulevk/1.0-r8 -fdebug-prefix-map=/home/diskc/home/liyue/poky/fsl-arm-yocto-bsp/build-fb/tmp/sysroots/x86_64-linux= -fdebug-prefix-map=/home/diskc/home/liyue/poky/fsl-arm-yocto-bsp/build-fb/tmp/sysroots/x86_64-nativesdk-pokysdk-linux=    -std=c++98 -o CMakeFiles/cmTC_0f8a5.dir/feature_tests.cxx.o -c /home/myshare/CANopen_Linux/build/CMakeFiles/feature_tests.cxx
Linking CXX executable cmTC_0f8a5
/usr/bin/cmake -E cmake_link_script CMakeFiles/cmTC_0f8a5.dir/link.txt --verbose=1
/opt/fsl-imx-x11/4.1.15-2.0.0/sysroots/x86_64-pokysdk-linux/usr/bin/arm-poky-linux-gnueabi/arm-poky-linux-gnueabi-g++   -march=armv7ve -mfpu=neon  -mfloat-abi=hard -mcpu=cortex-a7 --sysroot=/opt/fsl-imx-x11/4.1.15-2.0.0/sysroots/cortexa7hf-neon-poky-linux-gnueabi  -O2 -pipe -g -feliminate-unused-debug-types -fdebug-prefix-map=/home/diskc/home/liyue/poky/fsl-arm-yocto-bsp/build-fb/tmp/work/x86_64-nativesdk-pokysdk-linux/meta-environment-imx6ulevk/1.0-r8=/usr/src/debug/meta-environment-imx6ulevk/1.0-r8 -fdebug-prefix-map=/home/diskc/home/liyue/poky/fsl-arm-yocto-bsp/build-fb/tmp/sysroots/x86_64-linux= -fdebug-prefix-map=/home/diskc/home/liyue/poky/fsl-arm-yocto-bsp/build-fb/tmp/sysroots/x86_64-nativesdk-pokysdk-linux=   -Wl,-O1 -Wl,--hash-style=gnu -Wl,--as-needed  CMakeFiles/cmTC_0f8a5.dir/feature_tests.cxx.o  -o cmTC_0f8a5 
make[1]: Leaving directory '/home/myshare/CANopen_Linux/build/CMakeFiles/CMakeTmp'


    Feature record: CXX_FEATURE:0cxx_aggregate_default_initializers
    Feature record: CXX_FEATURE:0cxx_alias_templates
    Feature record: CXX_FEATURE:0cxx_alignas
    Feature record: CXX_FEATURE:0cxx_alignof
    Feature record: CXX_FEATURE:0cxx_attributes
    Feature record: CXX_FEATURE:0cxx_attribute_deprecated
    Feature record: CXX_FEATURE:0cxx_auto_type
    Feature record: CXX_FEATURE:0cxx_binary_literals
    Feature record: CXX_FEATURE:0cxx_constexpr
    Feature record: CXX_FEATURE:0cxx_contextual_conversions
    Feature record: CXX_FEATURE:0cxx_decltype
    Feature record: CXX_FEATURE:0cxx_decltype_auto
    Feature record: CXX_FEATURE:0cxx_decltype_incomplete_return_types
    Feature record: CXX_FEATURE:0cxx_default_function_template_args
    Feature record: CXX_FEATURE:0cxx_defaulted_functions
    Feature record: CXX_FEATURE:0cxx_defaulted_move_initializers
    Feature record: CXX_FEATURE:0cxx_delegating_constructors
    Feature record: CXX_FEATURE:0cxx_deleted_functions
    Feature record: CXX_FEATURE:0cxx_digit_separators
    Feature record: CXX_FEATURE:0cxx_enum_forward_declarations
    Feature record: CXX_FEATURE:0cxx_explicit_conversions
    Feature record: CXX_FEATURE:0cxx_extended_friend_declarations
    Feature record: CXX_FEATURE:0cxx_extern_templates
    Feature record: CXX_FEATURE:0cxx_final
    Feature record: CXX_FEATURE:0cxx_func_identifier
    Feature record: CXX_FEATURE:0cxx_generalized_initializers
    Feature record: CXX_FEATURE:0cxx_generic_lambdas
    Feature record: CXX_FEATURE:0cxx_inheriting_constructors
    Feature record: CXX_FEATURE:0cxx_inline_namespaces
    Feature record: CXX_FEATURE:0cxx_lambdas
    Feature record: CXX_FEATURE:0cxx_lambda_init_captures
    Feature record: CXX_FEATURE:0cxx_local_type_template_args
    Feature record: CXX_FEATURE:0cxx_long_long_type
    Feature record: CXX_FEATURE:0cxx_noexcept
    Feature record: CXX_FEATURE:0cxx_nonstatic_member_init
    Feature record: CXX_FEATURE:0cxx_nullptr
    Feature record: CXX_FEATURE:0cxx_override
    Feature record: CXX_FEATURE:0cxx_range_for
    Feature record: CXX_FEATURE:0cxx_raw_string_literals
    Feature record: CXX_FEATURE:0cxx_reference_qualified_functions
    Feature record: CXX_FEATURE:0cxx_relaxed_constexpr
    Feature record: CXX_FEATURE:0cxx_return_type_deduction
    Feature record: CXX_FEATURE:0cxx_right_angle_brackets
    Feature record: CXX_FEATURE:0cxx_rvalue_references
    Feature record: CXX_FEATURE:0cxx_sizeof_member
    Feature record: CXX_FEATURE:0cxx_static_assert
    Feature record: CXX_FEATURE:0cxx_strong_enums
    Feature record: CXX_FEATURE:1cxx_template_template_parameters
    Feature record: CXX_FEATURE:0cxx_thread_local
    Feature record: CXX_FEATURE:0cxx_trailing_return_types
    Feature record: CXX_FEATURE:0cxx_unicode_literals
    Feature record: CXX_FEATURE:0cxx_uniform_initialization
    Feature record: CXX_FEATURE:0cxx_unrestricted_unions
    Feature record: CXX_FEATURE:0cxx_user_literals
    Feature record: CXX_FEATURE:0cxx_variable_templates
    Feature record: CXX_FEATURE:0cxx_variadic_macros
    Feature record: CXX_FEATURE:0cxx_variadic_templates
